[0.270s] Invoking command in '/home/mario/OpenCV_VC/ros_ws/build/sllidar_ros2': CMAKE_PREFIX_PATH=/opt/ros/humble /usr/bin/cmake --build /home/mario/OpenCV_VC/ros_ws/build/sllidar_ros2 -- -j12 -l12
[0.448s] [35m[1mConsolidate compiler generated dependencies of target sllidar_client[0m
[0.467s] [35m[1mConsolidate compiler generated dependencies of target sllidar_node[0m
[0.494s] [ 10%] Built target sllidar_client
[0.505s] [100%] Built target sllidar_node
[0.529s] Invoked command in '/home/mario/OpenCV_VC/ros_ws/build/sllidar_ros2' returned '0': CMAKE_PREFIX_PATH=/opt/ros/humble /usr/bin/cmake --build /home/mario/OpenCV_VC/ros_ws/build/sllidar_ros2 -- -j12 -l12
[0.541s] Invoking command in '/home/mario/OpenCV_VC/ros_ws/build/sllidar_ros2': CMAKE_PREFIX_PATH=/opt/ros/humble /usr/bin/cmake --install /home/mario/OpenCV_VC/ros_ws/build/sllidar_ros2
[0.548s] -- Install configuration: ""
[0.552s] -- Execute custom install script
[0.557s] -- Up-to-date symlink: /home/mario/OpenCV_VC/ros_ws/install/sllidar_ros2/share/sllidar_ros2/launch/sllidar_c1_launch.py
[0.557s] -- Up-to-date symlink: /home/mario/OpenCV_VC/ros_ws/install/sllidar_ros2/share/sllidar_ros2/launch/view_sllidar_c1_launch.py
[0.557s] -- Up-to-date symlink: /home/mario/OpenCV_VC/ros_ws/install/sllidar_ros2/share/sllidar_ros2/launch/view_sllidar_s1_launch.py
[0.558s] -- Up-to-date symlink: /home/mario/OpenCV_VC/ros_ws/install/sllidar_ros2/share/sllidar_ros2/rviz/sllidar_ros2.rviz
[0.558s] -- Up-to-date symlink: /home/mario/OpenCV_VC/ros_ws/install/sllidar_ros2/lib/sllidar_ros2/sllidar_node
[0.559s] -- Up-to-date symlink: /home/mario/OpenCV_VC/ros_ws/install/sllidar_ros2/lib/sllidar_ros2/sllidar_client
[0.559s] -- Up-to-date symlink: /home/mario/OpenCV_VC/ros_ws/install/sllidar_ros2/share/ament_index/resource_index/package_run_dependencies/sllidar_ros2
[0.559s] -- Up-to-date symlink: /home/mario/OpenCV_VC/ros_ws/install/sllidar_ros2/share/ament_index/resource_index/parent_prefix_path/sllidar_ros2
[0.560s] -- Up-to-date symlink: /home/mario/OpenCV_VC/ros_ws/install/sllidar_ros2/share/sllidar_ros2/environment/ament_prefix_path.sh
[0.560s] -- Up-to-date symlink: /home/mario/OpenCV_VC/ros_ws/install/sllidar_ros2/share/sllidar_ros2/environment/ament_prefix_path.dsv
[0.561s] -- Up-to-date symlink: /home/mario/OpenCV_VC/ros_ws/install/sllidar_ros2/share/sllidar_ros2/environment/path.sh
[0.561s] -- Up-to-date symlink: /home/mario/OpenCV_VC/ros_ws/install/sllidar_ros2/share/sllidar_ros2/environment/path.dsv
[0.561s] -- Up-to-date symlink: /home/mario/OpenCV_VC/ros_ws/install/sllidar_ros2/share/sllidar_ros2/local_setup.bash
[0.561s] -- Up-to-date symlink: /home/mario/OpenCV_VC/ros_ws/install/sllidar_ros2/share/sllidar_ros2/local_setup.sh
[0.562s] -- Up-to-date symlink: /home/mario/OpenCV_VC/ros_ws/install/sllidar_ros2/share/sllidar_ros2/local_setup.zsh
[0.562s] -- Up-to-date symlink: /home/mario/OpenCV_VC/ros_ws/install/sllidar_ros2/share/sllidar_ros2/local_setup.dsv
[0.562s] -- Symlinking: /home/mario/OpenCV_VC/ros_ws/install/sllidar_ros2/share/sllidar_ros2/package.dsv
[0.572s] -- Up-to-date symlink: /home/mario/OpenCV_VC/ros_ws/install/sllidar_ros2/share/ament_index/resource_index/packages/sllidar_ros2
[0.573s] -- Up-to-date symlink: /home/mario/OpenCV_VC/ros_ws/install/sllidar_ros2/share/sllidar_ros2/cmake/ament_cmake_export_dependencies-extras.cmake
[0.573s] -- Up-to-date symlink: /home/mario/OpenCV_VC/ros_ws/install/sllidar_ros2/share/sllidar_ros2/cmake/ament_cmake_export_include_directories-extras.cmake
[0.573s] -- Up-to-date symlink: /home/mario/OpenCV_VC/ros_ws/install/sllidar_ros2/share/sllidar_ros2/cmake/sllidar_ros2Config.cmake
[0.573s] -- Up-to-date symlink: /home/mario/OpenCV_VC/ros_ws/install/sllidar_ros2/share/sllidar_ros2/cmake/sllidar_ros2Config-version.cmake
[0.573s] -- Up-to-date symlink: /home/mario/OpenCV_VC/ros_ws/install/sllidar_ros2/share/sllidar_ros2/package.xml
[0.576s] Invoked command in '/home/mario/OpenCV_VC/ros_ws/build/sllidar_ros2' returned '0': CMAKE_PREFIX_PATH=/opt/ros/humble /usr/bin/cmake --install /home/mario/OpenCV_VC/ros_ws/build/sllidar_ros2
