[0.202s] Invoking command in '/home/mario/OpenCV_VC/ros_ws/build/sllidar_ros2': CMAKE_PREFIX_PATH=/opt/ros/humble /usr/bin/cmake /home/mario/OpenCV_VC/ros_ws/src/sllidar_ros2 -DAMENT_CMAKE_SYMLINK_INSTALL=1 -DCMAKE_INSTALL_PREFIX=/home/mario/OpenCV_VC/ros_ws/install/sllidar_ros2
[0.583s] -- The C compiler identification is GNU 11.4.0
[1.537s] -- The CXX compiler identification is GNU 11.4.0
[2.076s] -- Detecting C compiler ABI info
[2.359s] -- Detecting C compiler ABI info - done
[2.365s] -- Check for working C compiler: /usr/lib/ccache/cc - skipped
[2.366s] -- Detecting C compile features
[2.368s] -- Detecting C compile features - done
[2.372s] -- Detecting CXX compiler ABI info
[2.560s] -- Detecting CXX compiler ABI info - done
[2.567s] -- Check for working CXX compiler: /usr/lib/ccache/c++ - skipped
[2.568s] -- Detecting CXX compile features
[2.568s] -- Detecting CXX compile features - done
[2.584s] -- Found ament_cmake: 1.3.11 (/opt/ros/humble/share/ament_cmake/cmake)
[2.917s] -- Found Python3: /usr/bin/python3 (found version "3.10.12") found components: Interpreter 
[3.003s] -- Override CMake install command with custom implementation using symlinks instead of copying resources
[3.043s] -- Found rclcpp: 16.0.12 (/opt/ros/humble/share/rclcpp/cmake)
[3.390s] -- Found rosidl_generator_c: 3.1.6 (/opt/ros/humble/share/rosidl_generator_c/cmake)
[3.399s] -- Found rosidl_adapter: 3.1.6 (/opt/ros/humble/share/rosidl_adapter/cmake)
[3.412s] -- Found rosidl_generator_cpp: 3.1.6 (/opt/ros/humble/share/rosidl_generator_cpp/cmake)
[3.434s] -- Using all available rosidl_typesupport_c: rosidl_typesupport_fastrtps_c;rosidl_typesupport_introspection_c
[3.457s] -- Using all available rosidl_typesupport_cpp: rosidl_typesupport_fastrtps_cpp;rosidl_typesupport_introspection_cpp
[3.523s] -- Found rmw_implementation_cmake: 6.1.2 (/opt/ros/humble/share/rmw_implementation_cmake/cmake)
[3.528s] -- Found rmw_fastrtps_cpp: 6.2.7 (/opt/ros/humble/share/rmw_fastrtps_cpp/cmake)
[5.638s] -- Found OpenSSL: /usr/lib/x86_64-linux-gnu/libcrypto.so (found version "3.0.2")  
[7.956s] -- Found FastRTPS: /opt/ros/humble/include  
[12.062s] -- Using RMW implementation 'rmw_fastrtps_cpp' as default
[12.083s] -- Looking for pthread.h
[12.333s] -- Looking for pthread.h - found
[12.333s] -- Performing Test CMAKE_HAVE_LIBC_PTHREAD
[12.529s] -- Performing Test CMAKE_HAVE_LIBC_PTHREAD - Success
[12.530s] -- Found Threads: TRUE  
[12.621s] -- Found sensor_msgs: 4.9.0 (/opt/ros/humble/share/sensor_msgs/cmake)
[12.665s] -- Found std_srvs: 4.9.0 (/opt/ros/humble/share/std_srvs/cmake)
[12.757s] -- Configuring done
[12.775s] -- Generating done
[12.780s] -- Build files have been written to: /home/mario/OpenCV_VC/ros_ws/build/sllidar_ros2
[12.789s] Invoked command in '/home/mario/OpenCV_VC/ros_ws/build/sllidar_ros2' returned '0': CMAKE_PREFIX_PATH=/opt/ros/humble /usr/bin/cmake /home/mario/OpenCV_VC/ros_ws/src/sllidar_ros2 -DAMENT_CMAKE_SYMLINK_INSTALL=1 -DCMAKE_INSTALL_PREFIX=/home/mario/OpenCV_VC/ros_ws/install/sllidar_ros2
[12.791s] Invoking command in '/home/mario/OpenCV_VC/ros_ws/build/sllidar_ros2': CMAKE_PREFIX_PATH=/opt/ros/humble /usr/bin/cmake --build /home/mario/OpenCV_VC/ros_ws/build/sllidar_ros2 -- -j12 -l12
[12.838s] [  5%] [32mBuilding CXX object CMakeFiles/sllidar_node.dir/sdk/src/arch/linux/net_serial.cpp.o[0m
[12.844s] [ 10%] [32mBuilding CXX object CMakeFiles/sllidar_node.dir/src/sllidar_node.cpp.o[0m
[12.844s] [ 15%] [32mBuilding CXX object CMakeFiles/sllidar_client.dir/src/sllidar_client.cpp.o[0m
[12.847s] [ 20%] [32mBuilding CXX object CMakeFiles/sllidar_node.dir/sdk/src/dataunpacker/dataunpacker.cpp.o[0m
[12.855s] [ 25%] [32mBuilding CXX object CMakeFiles/sllidar_node.dir/sdk/src/dataunpacker/unpacker/handler_hqnode.cpp.o[0m
[12.857s] [ 30%] [32mBuilding CXX object CMakeFiles/sllidar_node.dir/sdk/src/dataunpacker/unpacker/handler_normalnode.cpp.o[0m
[12.862s] [ 35%] [32mBuilding CXX object CMakeFiles/sllidar_node.dir/sdk/src/sl_async_transceiver.cpp.o[0m
[12.862s] [ 40%] [32mBuilding CXX object CMakeFiles/sllidar_node.dir/sdk/src/rplidar_driver.cpp.o[0m
[12.862s] [ 45%] [32mBuilding CXX object CMakeFiles/sllidar_node.dir/sdk/src/hal/thread.cpp.o[0m
[12.866s] [ 50%] [32mBuilding CXX object CMakeFiles/sllidar_node.dir/sdk/src/arch/linux/timer.cpp.o[0m
[12.867s] [ 55%] [32mBuilding CXX object CMakeFiles/sllidar_node.dir/sdk/src/arch/linux/net_socket.cpp.o[0m
[12.871s] [ 60%] [32mBuilding CXX object CMakeFiles/sllidar_node.dir/sdk/src/dataunpacker/unpacker/handler_capsules.cpp.o[0m
[14.011s] [ 65%] [32mBuilding CXX object CMakeFiles/sllidar_node.dir/sdk/src/sl_crc.cpp.o[0m
[14.050s] In file included from [01m[K/home/mario/OpenCV_VC/ros_ws/src/sllidar_ros2/./sdk/include/rplidar_protocol.h:36[m[K,
[14.050s]                  from [01m[K/home/mario/OpenCV_VC/ros_ws/src/sllidar_ros2/./sdk/include/rplidar.h:39[m[K,
[14.050s]                  from [01m[K/home/mario/OpenCV_VC/ros_ws/src/sllidar_ros2/./sdk/src/sdkcommon.h:49[m[K,
[14.050s]                  from [01m[K/home/mario/OpenCV_VC/ros_ws/src/sllidar_ros2/sdk/src/hal/thread.cpp:35[m[K:
[14.050s] [01m[K/home/mario/OpenCV_VC/ros_ws/src/sllidar_ros2/./sdk/include/sl_lidar_protocol.h:66:16:[m[K [01;35m[Kwarning: [m[KISO C++ forbids zero-size array ‘[01m[Kdata[m[K’ [[01;35m[K-Wpedantic[m[K]
[14.050s]    66 |     sl_u8 data[[01;35m[K0[m[K];
[14.050s]       |                [01;35m[K^[m[K
[14.050s] In file included from [01m[K/home/mario/OpenCV_VC/ros_ws/src/sllidar_ros2/./sdk/include/rplidar_cmd.h:36[m[K,
[14.050s]                  from [01m[K/home/mario/OpenCV_VC/ros_ws/src/sllidar_ros2/./sdk/include/rplidar.h:40[m[K,
[14.050s]                  from [01m[K/home/mario/OpenCV_VC/ros_ws/src/sllidar_ros2/./sdk/src/sdkcommon.h:49[m[K,
[14.050s]                  from [01m[K/home/mario/OpenCV_VC/ros_ws/src/sllidar_ros2/sdk/src/hal/thread.cpp:35[m[K:
[14.051s] [01m[K/home/mario/OpenCV_VC/ros_ws/src/sllidar_ros2/./sdk/include/sl_lidar_cmd.h:324:20:[m[K [01;35m[Kwarning: [m[KISO C++ forbids zero-size array ‘[01m[Kpayload[m[K’ [[01;35m[K-Wpedantic[m[K]
[14.051s]   324 |     sl_u8  payload[[01;35m[K0[m[K];
[14.051s]       |                    [01;35m[K^[m[K
[14.051s] In file included from [01m[K/home/mario/OpenCV_VC/ros_ws/src/sllidar_ros2/sdk/src/hal/thread.cpp:43[m[K:
[14.051s] [01m[K/home/mario/OpenCV_VC/ros_ws/src/sllidar_ros2/./sdk/src/arch/linux/thread.hpp:[m[K In static member function ‘[01m[Kstatic rp::hal::Thread rp::hal::Thread::create(thread_proc_t, void*)[m[K’:
[14.051s] [01m[K/home/mario/OpenCV_VC/ros_ws/src/sllidar_ros2/./sdk/src/arch/linux/thread.hpp:52:57:[m[K [01;35m[Kwarning: [m[Kcast between incompatible function types from ‘[01m[Kthread_proc_t[m[K’ {aka ‘[01m[Klong unsigned int (*)(void*)[m[K’} to ‘[01m[Kvoid* (*)(void*)[m[K’ [[01;35m[K-Wcast-function-type[m[K]
[14.051s]    52 |     pthread_create((pthread_t *)&newborn._handle, NULL, [01;35m[K(void * (*)(void *))proc[m[K, data);
[14.051s]       |                                                         [01;35m[K^~~~~~~~~~~~~~~~~~~~~~~~[m[K
[14.051s] [01m[K/home/mario/OpenCV_VC/ros_ws/src/sllidar_ros2/./sdk/src/arch/linux/thread.hpp:[m[K In member function ‘[01m[Ku_result rp::hal::Thread::join(long unsigned int)[m[K’:
[14.051s] [01m[K/home/mario/OpenCV_VC/ros_ws/src/sllidar_ros2/./sdk/src/arch/linux/thread.hpp:176:37:[m[K [01;35m[Kwarning: [m[Kunused parameter ‘[01m[Ktimeout[m[K’ [[01;35m[K-Wunused-parameter[m[K]
[14.051s]   176 | u_result Thread::join([01;35m[Kunsigned long timeout[m[K)
[14.051s]       |                       [01;35m[K~~~~~~~~~~~~~~^~~~~~~[m[K
[14.061s] [ 70%] [32mBuilding CXX object CMakeFiles/sllidar_node.dir/sdk/src/sl_lidar_driver.cpp.o[0m
[14.097s] In file included from [01m[K/home/mario/OpenCV_VC/ros_ws/src/sllidar_ros2/./sdk/include/sl_lidar_cmd.h:41[m[K,
[14.098s]                  from [01m[K/home/mario/OpenCV_VC/ros_ws/src/sllidar_ros2/./sdk/include/sl_crc.h:36[m[K,
[14.098s]                  from [01m[K/home/mario/OpenCV_VC/ros_ws/src/sllidar_ros2/sdk/src/sl_crc.cpp:33[m[K:
[14.098s] [01m[K/home/mario/OpenCV_VC/ros_ws/src/sllidar_ros2/./sdk/include/sl_lidar_protocol.h:66:16:[m[K [01;35m[Kwarning: [m[KISO C++ forbids zero-size array ‘[01m[Kdata[m[K’ [[01;35m[K-Wpedantic[m[K]
[14.098s]    66 |     sl_u8 data[[01;35m[K0[m[K];
[14.098s]       |                [01;35m[K^[m[K
[14.098s] In file included from [01m[K/home/mario/OpenCV_VC/ros_ws/src/sllidar_ros2/./sdk/include/sl_crc.h:36[m[K,
[14.098s]                  from [01m[K/home/mario/OpenCV_VC/ros_ws/src/sllidar_ros2/sdk/src/sl_crc.cpp:33[m[K:
[14.098s] [01m[K/home/mario/OpenCV_VC/ros_ws/src/sllidar_ros2/./sdk/include/sl_lidar_cmd.h:324:20:[m[K [01;35m[Kwarning: [m[KISO C++ forbids zero-size array ‘[01m[Kpayload[m[K’ [[01;35m[K-Wpedantic[m[K]
[14.098s]   324 |     sl_u8  payload[[01;35m[K0[m[K];
[14.099s]       |                    [01;35m[K^[m[K
[14.114s] [ 75%] [32mBuilding CXX object CMakeFiles/sllidar_node.dir/sdk/src/sl_lidarprotocol_codec.cpp.o[0m
[14.343s] In file included from [01m[K/home/mario/OpenCV_VC/ros_ws/src/sllidar_ros2/./sdk/include/rplidar_protocol.h:36[m[K,
[14.343s]                  from [01m[K/home/mario/OpenCV_VC/ros_ws/src/sllidar_ros2/./sdk/include/rplidar.h:39[m[K,
[14.343s]                  from [01m[K/home/mario/OpenCV_VC/ros_ws/src/sllidar_ros2/./sdk/src/sdkcommon.h:49[m[K,
[14.343s]                  from [01m[K/home/mario/OpenCV_VC/ros_ws/src/sllidar_ros2/sdk/src/arch/linux/net_socket.cpp:10[m[K:
[14.343s] [01m[K/home/mario/OpenCV_VC/ros_ws/src/sllidar_ros2/./sdk/include/sl_lidar_protocol.h:66:16:[m[K [01;35m[Kwarning: [m[KISO C++ forbids zero-size array ‘[01m[Kdata[m[K’ [[01;35m[K-Wpedantic[m[K]
[14.343s]    66 |     sl_u8 data[[01;35m[K0[m[K];
[14.343s]       |                [01;35m[K^[m[K
[14.343s] In file included from [01m[K/home/mario/OpenCV_VC/ros_ws/src/sllidar_ros2/./sdk/include/rplidar_cmd.h:36[m[K,
[14.343s]                  from [01m[K/home/mario/OpenCV_VC/ros_ws/src/sllidar_ros2/./sdk/include/rplidar.h:40[m[K,
[14.343s]                  from [01m[K/home/mario/OpenCV_VC/ros_ws/src/sllidar_ros2/./sdk/src/sdkcommon.h:49[m[K,
[14.343s]                  from [01m[K/home/mario/OpenCV_VC/ros_ws/src/sllidar_ros2/sdk/src/arch/linux/net_socket.cpp:10[m[K:
[14.343s] [01m[K/home/mario/OpenCV_VC/ros_ws/src/sllidar_ros2/./sdk/include/sl_lidar_cmd.h:324:20:[m[K [01;35m[Kwarning: [m[KISO C++ forbids zero-size array ‘[01m[Kpayload[m[K’ [[01;35m[K-Wpedantic[m[K]
[14.343s]   324 |     sl_u8  payload[[01;35m[K0[m[K];
[14.343s]       |                    [01;35m[K^[m[K
[14.343s] In file included from [01m[K/home/mario/OpenCV_VC/ros_ws/src/sllidar_ros2/./sdk/src/arch/linux/arch_linux.h:42[m[K,
[14.343s]                  from [01m[K/home/mario/OpenCV_VC/ros_ws/src/sllidar_ros2/./sdk/src/sdkcommon.h:41[m[K,
[14.344s]                  from [01m[K/home/mario/OpenCV_VC/ros_ws/src/sllidar_ros2/sdk/src/arch/linux/net_socket.cpp:10[m[K:
[14.344s] [01m[K/home/mario/OpenCV_VC/ros_ws/src/sllidar_ros2/sdk/src/arch/linux/net_socket.cpp:[m[K In member function ‘[01m[Kvirtual u_result rp::arch::net::DGramSocketImpl::sendTo(const rp::net::SocketAddress*, const void*, size_t)[m[K’:
[14.344s] [01m[K/home/mario/OpenCV_VC/ros_ws/src/sllidar_ros2/sdk/src/arch/linux/net_socket.cpp:733:24:[m[K [01;35m[Kwarning: [m[Kcomparison of integer expressions of different signedness: ‘[01m[Kint[m[K’ and ‘[01m[Ksize_t[m[K’ {aka ‘[01m[Klong unsigned int[m[K’} [[01;35m[K-Wsign-compare[m[K]
[14.344s]   733 |             assert([01;35m[Kans == len[m[K);
[14.344s]       |                    [01;35m[K~~~~^~~~~~[m[K
[14.362s] [ 80%] [32mBuilding CXX object CMakeFiles/sllidar_node.dir/sdk/src/sl_serial_channel.cpp.o[0m
[14.364s] In file included from [01m[K/home/mario/OpenCV_VC/ros_ws/src/sllidar_ros2/./sdk/include/rplidar_protocol.h:36[m[K,
[14.364s]                  from [01m[K/home/mario/OpenCV_VC/ros_ws/src/sllidar_ros2/./sdk/include/rplidar.h:39[m[K,
[14.365s]                  from [01m[K/home/mario/OpenCV_VC/ros_ws/src/sllidar_ros2/sdk/src/sdkcommon.h:49[m[K,
[14.365s]                  from [01m[K/home/mario/OpenCV_VC/ros_ws/src/sllidar_ros2/sdk/src/sl_async_transceiver.cpp:35[m[K:
[14.365s] [01m[K/home/mario/OpenCV_VC/ros_ws/src/sllidar_ros2/./sdk/include/sl_lidar_protocol.h:66:16:[m[K [01;35m[Kwarning: [m[KISO C++ forbids zero-size array ‘[01m[Kdata[m[K’ [[01;35m[K-Wpedantic[m[K]
[14.365s]    66 |     sl_u8 data[[01;35m[K0[m[K];
[14.365s]       |                [01;35m[K^[m[K
[14.365s] In file included from [01m[K/home/mario/OpenCV_VC/ros_ws/src/sllidar_ros2/./sdk/include/rplidar_cmd.h:36[m[K,
[14.365s]                  from [01m[K/home/mario/OpenCV_VC/ros_ws/src/sllidar_ros2/./sdk/include/rplidar.h:40[m[K,
[14.365s]                  from [01m[K/home/mario/OpenCV_VC/ros_ws/src/sllidar_ros2/sdk/src/sdkcommon.h:49[m[K,
[14.365s]                  from [01m[K/home/mario/OpenCV_VC/ros_ws/src/sllidar_ros2/sdk/src/sl_async_transceiver.cpp:35[m[K:
[14.366s] [01m[K/home/mario/OpenCV_VC/ros_ws/src/sllidar_ros2/./sdk/include/sl_lidar_cmd.h:324:20:[m[K [01;35m[Kwarning: [m[KISO C++ forbids zero-size array ‘[01m[Kpayload[m[K’ [[01;35m[K-Wpedantic[m[K]
[14.366s]   324 |     sl_u8  payload[[01;35m[K0[m[K];
[14.366s]       |                    [01;35m[K^[m[K
[14.366s] In file included from [01m[K/home/mario/OpenCV_VC/ros_ws/src/sllidar_ros2/sdk/src/sl_async_transceiver.cpp:44[m[K:
[14.366s] [01m[K/home/mario/OpenCV_VC/ros_ws/src/sllidar_ros2/sdk/src/sl_async_transceiver.h:[m[K In member function ‘[01m[Kvirtual void sl::internal::IAsyncProtocolCodec::onChannelError(u_result)[m[K’:
[14.366s] [01m[K/home/mario/OpenCV_VC/ros_ws/src/sllidar_ros2/sdk/src/sl_async_transceiver.h:90:48:[m[K [01;35m[Kwarning: [m[Kunused parameter ‘[01m[KerrCode[m[K’ [[01;35m[K-Wunused-parameter[m[K]
[14.366s]    90 |         virtual void   onChannelError([01;35m[Ku_result errCode[m[K) {}
[14.367s]       |                                       [01;35m[K~~~~~~~~~^~~~~~~[m[K
[14.367s] In file included from [01m[K/home/mario/OpenCV_VC/ros_ws/src/sllidar_ros2/./sdk/include/rplidar_protocol.h:36[m[K,
[14.368s]                  from [01m[K/home/mario/OpenCV_VC/ros_ws/src/sllidar_ros2/./sdk/include/rplidar.h:39[m[K,
[14.368s]                  from [01m[K/home/mario/OpenCV_VC/ros_ws/src/sllidar_ros2/sdk/src/sdkcommon.h:49[m[K,
[14.368s]                  from [01m[K/home/mario/OpenCV_VC/ros_ws/src/sllidar_ros2/sdk/src/rplidar_driver.cpp:33[m[K:
[14.368s] [01m[K/home/mario/OpenCV_VC/ros_ws/src/sllidar_ros2/./sdk/include/sl_lidar_protocol.h:66:16:[m[K [01;35m[Kwarning: [m[KISO C++ forbids zero-size array ‘[01m[Kdata[m[K’ [[01;35m[K-Wpedantic[m[K]
[14.368s]    66 |     sl_u8 data[[01;35m[K0[m[K];
[14.368s]       |                [01;35m[K^[m[K
[14.368s] In file included from [01m[K/home/mario/OpenCV_VC/ros_ws/src/sllidar_ros2/./sdk/include/rplidar_cmd.h:36[m[K,
[14.369s]                  from [01m[K/home/mario/OpenCV_VC/ros_ws/src/sllidar_ros2/./sdk/include/rplidar.h:40[m[K,
[14.369s]                  from [01m[K/home/mario/OpenCV_VC/ros_ws/src/sllidar_ros2/sdk/src/sdkcommon.h:49[m[K,
[14.369s]                  from [01m[K/home/mario/OpenCV_VC/ros_ws/src/sllidar_ros2/sdk/src/rplidar_driver.cpp:33[m[K:
[14.369s] [01m[K/home/mario/OpenCV_VC/ros_ws/src/sllidar_ros2/./sdk/include/sl_lidar_cmd.h:324:20:[m[K [01;35m[Kwarning: [m[KISO C++ forbids zero-size array ‘[01m[Kpayload[m[K’ [[01;35m[K-Wpedantic[m[K]
[14.369s]   324 |     sl_u8  payload[[01;35m[K0[m[K];
[14.369s]       |                    [01;35m[K^[m[K
[14.369s] [01m[K/home/mario/OpenCV_VC/ros_ws/src/sllidar_ros2/sdk/src/rplidar_driver.cpp:[m[K In member function ‘[01m[Ku_result rp::standalone::rplidar::RPlidarDriver::connect(const char*, _u32, _u32)[m[K’:
[14.369s] [01m[K/home/mario/OpenCV_VC/ros_ws/src/sllidar_ros2/sdk/src/rplidar_driver.cpp:67:77:[m[K [01;35m[Kwarning: [m[Kunused parameter ‘[01m[Kflag[m[K’ [[01;35m[K-Wunused-parameter[m[K]
[14.370s]    67 |     u_result RPlidarDriver::connect(const char *path, _u32 portOrBaud, [01;35m[K_u32 flag[m[K)
[14.370s]       |                                                                        [01;35m[K~~~~~^~~~[m[K
[14.370s] [01m[K/home/mario/OpenCV_VC/ros_ws/src/sllidar_ros2/sdk/src/rplidar_driver.cpp:[m[K In member function ‘[01m[Ku_result rp::standalone::rplidar::RPlidarDriver::reset(_u32)[m[K’:
[14.370s] [01m[K/home/mario/OpenCV_VC/ros_ws/src/sllidar_ros2/sdk/src/rplidar_driver.cpp:101:40:[m[K [01;35m[Kwarning: [m[Kunused parameter ‘[01m[Ktimeout[m[K’ [[01;35m[K-Wunused-parameter[m[K]
[14.370s]   101 |     u_result RPlidarDriver::reset([01;35m[K_u32 timeout[m[K)
[14.370s]       |                                   [01;35m[K~~~~~^~~~~~~[m[K
[14.370s] [01m[K/home/mario/OpenCV_VC/ros_ws/src/sllidar_ros2/sdk/src/rplidar_driver.cpp:[m[K In member function ‘[01m[Ku_result rp::standalone::rplidar::RPlidarDriver::getScanDataWithInterval(rplidar_response_measurement_node_t*, size_t&)[m[K’:
[14.371s] [01m[K/home/mario/OpenCV_VC/ros_ws/src/sllidar_ros2/sdk/src/rplidar_driver.cpp:180:91:[m[K [01;35m[Kwarning: [m[Kunused parameter ‘[01m[Knodebuffer[m[K’ [[01;35m[K-Wunused-parameter[m[K]
[14.371s]   180 |     u_result RPlidarDriver::getScanDataWithInterval([01;35m[Krplidar_response_measurement_node_t * nodebuffer[m[K, size_t & count)
[14.371s]       |                                                     [01;35m[K~~~~~~~~~~~~~~~~~~~~~~~~~~~~~~~~~~~~~~^~~~~~~~~~[m[K
[14.371s] [01m[K/home/mario/OpenCV_VC/ros_ws/src/sllidar_ros2/sdk/src/rplidar_driver.cpp:180:112:[m[K [01;35m[Kwarning: [m[Kunused parameter ‘[01m[Kcount[m[K’ [[01;35m[K-Wunused-parameter[m[K]
[14.371s]   180 |     u_result RPlidarDriver::getScanDataWithInterval(rplidar_response_measurement_node_t * nodebuffer, [01;35m[Ksize_t & count[m[K)
[14.371s]       |                                                                                                       [01;35m[K~~~~~~~~~^~~~~[m[K
[14.371s] [01m[K/home/mario/OpenCV_VC/ros_ws/src/sllidar_ros2/sdk/src/arch/linux/net_serial.cpp:[m[K In member function ‘[01m[Kbool rp::arch::net::raw_serial::open(const char*, uint32_t, uint32_t)[m[K’:
[14.371s] [01m[K/home/mario/OpenCV_VC/ros_ws/src/sllidar_ros2/sdk/src/arch/linux/net_serial.cpp:97:74:[m[K [01;35m[Kwarning: [m[Kunused parameter ‘[01m[Kflags[m[K’ [[01;35m[K-Wunused-parameter[m[K]
[14.374s]    97 | bool raw_serial::open(const char * portname, uint32_t baudrate, [01;35m[Kuint32_t flags[m[K)
[14.374s]       |                                                                 [01;35m[K~~~~~~~~~^~~~~[m[K
[14.374s] [01m[K/home/mario/OpenCV_VC/ros_ws/src/sllidar_ros2/sdk/src/arch/linux/net_serial.cpp:[m[K In member function ‘[01m[Kvirtual void rp::arch::net::raw_serial::flush(_u32)[m[K’:
[14.374s] [01m[K/home/mario/OpenCV_VC/ros_ws/src/sllidar_ros2/sdk/src/arch/linux/net_serial.cpp:281:30:[m[K [01;35m[Kwarning: [m[Kunused parameter ‘[01m[Kflags[m[K’ [[01;35m[K-Wunused-parameter[m[K]
[14.375s]   281 | void raw_serial::flush( [01;35m[K_u32 flags[m[K)
[14.375s]       |                         [01;35m[K~~~~~^~~~~[m[K
[14.375s] [01m[K/home/mario/OpenCV_VC/ros_ws/src/sllidar_ros2/sdk/src/arch/linux/net_serial.cpp:[m[K In member function ‘[01m[Kvirtual int rp::arch::net::raw_serial::waitforsent(_u32, size_t*)[m[K’:
[14.375s] [01m[K/home/mario/OpenCV_VC/ros_ws/src/sllidar_ros2/sdk/src/arch/linux/net_serial.cpp:286:34:[m[K [01;35m[Kwarning: [m[Kunused parameter ‘[01m[Ktimeout[m[K’ [[01;35m[K-Wunused-parameter[m[K]
[14.375s]   286 | int raw_serial::waitforsent([01;35m[K_u32 timeout[m[K, size_t * returned_size)
[14.375s]       |                             [01;35m[K~~~~~^~~~~~~[m[K
[14.376s] [01m[K/home/mario/OpenCV_VC/ros_ws/src/sllidar_ros2/sdk/src/arch/linux/net_serial.cpp:[m[K In member function ‘[01m[Kvirtual int rp::arch::net::raw_serial::waitforrecv(_u32, size_t*)[m[K’:
[14.376s] [01m[K/home/mario/OpenCV_VC/ros_ws/src/sllidar_ros2/sdk/src/arch/linux/net_serial.cpp:292:34:[m[K [01;35m[Kwarning: [m[Kunused parameter ‘[01m[Ktimeout[m[K’ [[01;35m[K-Wunused-parameter[m[K]
[14.376s]   292 | int raw_serial::waitforrecv([01;35m[K_u32 timeout[m[K, size_t * returned_size)
[14.376s]       |                             [01;35m[K~~~~~^~~~~~~[m[K
[14.376s] [01m[K/home/mario/OpenCV_VC/ros_ws/src/sllidar_ros2/sdk/src/arch/linux/net_serial.cpp:[m[K In member function ‘[01m[Kvirtual void rp::arch::net::raw_serial::cancelOperation()[m[K’:
[14.377s] [01m[K/home/mario/OpenCV_VC/ros_ws/src/sllidar_ros2/sdk/src/arch/linux/net_serial.cpp:427:5:[m[K [01;35m[Kwarning: [m[Kvalue computed is not used [[01;35m[K-Wunused-value[m[K]
[14.377s]   427 |     [01;35m[K(int)::write(_selfpipe[1], "x", 1)[m[K;
[14.377s]       |     [01;35m[K^~~~~~~~~~~~~~~~~~~~~~~~~~~~~~~~~~[m[K
[14.377s] [ 85%] [32mBuilding CXX object CMakeFiles/sllidar_node.dir/sdk/src/sl_tcp_channel.cpp.o[0m
[14.385s] [ 90%] [32mBuilding CXX object CMakeFiles/sllidar_node.dir/sdk/src/sl_udp_channel.cpp.o[0m
[14.391s] In file included from [01m[K/home/mario/OpenCV_VC/ros_ws/src/sllidar_ros2/./sdk/include/rplidar_protocol.h:36[m[K,
[14.391s]                  from [01m[K/home/mario/OpenCV_VC/ros_ws/src/sllidar_ros2/./sdk/include/rplidar.h:39[m[K,
[14.392s]                  from [01m[K/home/mario/OpenCV_VC/ros_ws/src/sllidar_ros2/./sdk/src/sdkcommon.h:49[m[K,
[14.392s]                  from [01m[K/home/mario/OpenCV_VC/ros_ws/src/sllidar_ros2/sdk/src/dataunpacker/unpacker/../dataunnpacker_commondef.h:41[m[K,
[14.392s]                  from [01m[K/home/mario/OpenCV_VC/ros_ws/src/sllidar_ros2/sdk/src/dataunpacker/unpacker/handler_normalnode.cpp:39[m[K:
[14.392s] [01m[K/home/mario/OpenCV_VC/ros_ws/src/sllidar_ros2/./sdk/include/sl_lidar_protocol.h:66:16:[m[K [01;35m[Kwarning: [m[KISO C++ forbids zero-size array ‘[01m[Kdata[m[K’ [[01;35m[K-Wpedantic[m[K]
[14.392s]    66 |     sl_u8 data[[01;35m[K0[m[K];
[14.392s]       |                [01;35m[K^[m[K
[14.392s] In file included from [01m[K/home/mario/OpenCV_VC/ros_ws/src/sllidar_ros2/./sdk/include/rplidar_cmd.h:36[m[K,
[14.392s]                  from [01m[K/home/mario/OpenCV_VC/ros_ws/src/sllidar_ros2/./sdk/include/rplidar.h:40[m[K,
[14.392s]                  from [01m[K/home/mario/OpenCV_VC/ros_ws/src/sllidar_ros2/./sdk/src/sdkcommon.h:49[m[K,
[14.392s]                  from [01m[K/home/mario/OpenCV_VC/ros_ws/src/sllidar_ros2/sdk/src/dataunpacker/unpacker/../dataunnpacker_commondef.h:41[m[K,
[14.393s]                  from [01m[K/home/mario/OpenCV_VC/ros_ws/src/sllidar_ros2/sdk/src/dataunpacker/unpacker/handler_normalnode.cpp:39[m[K:
[14.393s] [01m[K/home/mario/OpenCV_VC/ros_ws/src/sllidar_ros2/./sdk/include/sl_lidar_cmd.h:324:20:[m[K [01;35m[Kwarning: [m[KISO C++ forbids zero-size array ‘[01m[Kpayload[m[K’ [[01;35m[K-Wpedantic[m[K]
[14.393s]   324 |     sl_u8  payload[[01;35m[K0[m[K];
[14.393s]       |                    [01;35m[K^[m[K
[14.393s] In file included from [01m[K/home/mario/OpenCV_VC/ros_ws/src/sllidar_ros2/sdk/src/dataunpacker/unpacker/handler_normalnode.cpp:40[m[K:
[14.393s] [01m[K/home/mario/OpenCV_VC/ros_ws/src/sllidar_ros2/sdk/src/dataunpacker/unpacker/../dataunpacker.h:[m[K In member function ‘[01m[Kvirtual void sl::internal::LIDARSampleDataListener::onCustomSampleDataDecoded(_u8, _u32, const void*, size_t)[m[K’:
[14.393s] [01m[K/home/mario/OpenCV_VC/ros_ws/src/sllidar_ros2/sdk/src/dataunpacker/unpacker/../dataunpacker.h:54:52:[m[K [01;35m[Kwarning: [m[Kunused parameter ‘[01m[KansType[m[K’ [[01;35m[K-Wunused-parameter[m[K]
[14.393s]    54 |         virtual void onCustomSampleDataDecoded([01;35m[K_u8 ansType[m[K, _u32 customCode, const void* data, size_t size) {}
[14.393s]       |                                                [01;35m[K~~~~^~~~~~~[m[K
[14.393s] [01m[K/home/mario/OpenCV_VC/ros_ws/src/sllidar_ros2/sdk/src/dataunpacker/unpacker/../dataunpacker.h:54:66:[m[K [01;35m[Kwarning: [m[Kunused parameter ‘[01m[KcustomCode[m[K’ [[01;35m[K-Wunused-parameter[m[K]
[14.394s]    54 |         virtual void onCustomSampleDataDecoded(_u8 ansType, [01;35m[K_u32 customCode[m[K, const void* data, size_t size) {}
[14.394s]       |                                                             [01;35m[K~~~~~^~~~~~~~~~[m[K
[14.394s] [01m[K/home/mario/OpenCV_VC/ros_ws/src/sllidar_ros2/sdk/src/dataunpacker/unpacker/../dataunpacker.h:54:90:[m[K [01;35m[Kwarning: [m[Kunused parameter ‘[01m[Kdata[m[K’ [[01;35m[K-Wunused-parameter[m[K]
[14.394s]    54 |         virtual void onCustomSampleDataDecoded(_u8 ansType, _u32 customCode, [01;35m[Kconst void* data[m[K, size_t size) {}
[14.394s]       |                                                                              [01;35m[K~~~~~~~~~~~~^~~~[m[K
[14.394s] [01m[K/home/mario/OpenCV_VC/ros_ws/src/sllidar_ros2/sdk/src/dataunpacker/unpacker/../dataunpacker.h:54:103:[m[K [01;35m[Kwarning: [m[Kunused parameter ‘[01m[Ksize[m[K’ [[01;35m[K-Wunused-parameter[m[K]
[14.394s]    54 |         virtual void onCustomSampleDataDecoded(_u8 ansType, _u32 customCode, const void* data, [01;35m[Ksize_t size[m[K) {}
[14.394s]       |                                                                                                [01;35m[K~~~~~~~^~~~[m[K
[14.394s] [01m[K/home/mario/OpenCV_VC/ros_ws/src/sllidar_ros2/sdk/src/dataunpacker/unpacker/../dataunpacker.h:[m[K In member function ‘[01m[Kvirtual void sl::internal::LIDARSampleDataListener::onDecodingError(int, _u8, const void*, size_t)[m[K’:
[14.394s] [01m[K/home/mario/OpenCV_VC/ros_ws/src/sllidar_ros2/sdk/src/dataunpacker/unpacker/../dataunpacker.h:56:42:[m[K [01;35m[Kwarning: [m[Kunused parameter ‘[01m[KerrMsg[m[K’ [[01;35m[K-Wunused-parameter[m[K]
[14.395s]    56 |         virtual void onDecodingError([01;35m[Kint errMsg[m[K, _u8 ansType, const void* payload, size_t size) {}
[14.395s]       |                                      [01;35m[K~~~~^~~~~~[m[K
[14.395s] [01m[K/home/mario/OpenCV_VC/ros_ws/src/sllidar_ros2/sdk/src/dataunpacker/unpacker/../dataunpacker.h:56:54:[m[K [01;35m[Kwarning: [m[Kunused parameter ‘[01m[KansType[m[K’ [[01;35m[K-Wunused-parameter[m[K]
[14.395s]    56 |         virtual void onDecodingError(int errMsg, [01;35m[K_u8 ansType[m[K, const void* payload, size_t size) {}
[14.395s]       |                                                  [01;35m[K~~~~^~~~~~~[m[K
[14.395s] [01m[K/home/mario/OpenCV_VC/ros_ws/src/sllidar_ros2/sdk/src/dataunpacker/unpacker/../dataunpacker.h:56:75:[m[K [01;35m[Kwarning: [m[Kunused parameter ‘[01m[Kpayload[m[K’ [[01;35m[K-Wunused-parameter[m[K]
[14.395s]    56 |         virtual void onDecodingError(int errMsg, _u8 ansType, [01;35m[Kconst void* payload[m[K, size_t size) {}
[14.396s]       |                                                               [01;35m[K~~~~~~~~~~~~^~~~~~~[m[K
[14.396s] [01m[K/home/mario/OpenCV_VC/ros_ws/src/sllidar_ros2/sdk/src/dataunpacker/unpacker/../dataunpacker.h:56:91:[m[K [01;35m[Kwarning: [m[Kunused parameter ‘[01m[Ksize[m[K’ [[01;35m[K-Wunused-parameter[m[K]
[14.396s]    56 |         virtual void onDecodingError(int errMsg, _u8 ansType, const void* payload, [01;35m[Ksize_t size[m[K) {}
[14.396s]       |                                                                                    [01;35m[K~~~~~~~^~~~[m[K
[14.425s] In file included from [01m[K/home/mario/OpenCV_VC/ros_ws/src/sllidar_ros2/./sdk/include/rplidar_protocol.h:36[m[K,
[14.425s]                  from [01m[K/home/mario/OpenCV_VC/ros_ws/src/sllidar_ros2/./sdk/include/rplidar.h:39[m[K,
[14.425s]                  from [01m[K/home/mario/OpenCV_VC/ros_ws/src/sllidar_ros2/./sdk/src/sdkcommon.h:49[m[K,
[14.425s]                  from [01m[K/home/mario/OpenCV_VC/ros_ws/src/sllidar_ros2/sdk/src/dataunpacker/unpacker/../dataunnpacker_commondef.h:41[m[K,
[14.425s]                  from [01m[K/home/mario/OpenCV_VC/ros_ws/src/sllidar_ros2/sdk/src/dataunpacker/unpacker/handler_hqnode.cpp:39[m[K:
[14.425s] [01m[K/home/mario/OpenCV_VC/ros_ws/src/sllidar_ros2/./sdk/include/sl_lidar_protocol.h:66:16:[m[K [01;35m[Kwarning: [m[KISO C++ forbids zero-size array ‘[01m[Kdata[m[K’ [[01;35m[K-Wpedantic[m[K]
[14.425s]    66 |     sl_u8 data[[01;35m[K0[m[K];
[14.425s]       |                [01;35m[K^[m[K
[14.425s] In file included from [01m[K/home/mario/OpenCV_VC/ros_ws/src/sllidar_ros2/./sdk/include/rplidar_cmd.h:36[m[K,
[14.425s]                  from [01m[K/home/mario/OpenCV_VC/ros_ws/src/sllidar_ros2/./sdk/include/rplidar.h:40[m[K,
[14.426s]                  from [01m[K/home/mario/OpenCV_VC/ros_ws/src/sllidar_ros2/./sdk/src/sdkcommon.h:49[m[K,
[14.426s]                  from [01m[K/home/mario/OpenCV_VC/ros_ws/src/sllidar_ros2/sdk/src/dataunpacker/unpacker/../dataunnpacker_commondef.h:41[m[K,
[14.426s]                  from [01m[K/home/mario/OpenCV_VC/ros_ws/src/sllidar_ros2/sdk/src/dataunpacker/unpacker/handler_hqnode.cpp:39[m[K:
[14.426s] [01m[K/home/mario/OpenCV_VC/ros_ws/src/sllidar_ros2/./sdk/include/sl_lidar_cmd.h:324:20:[m[K [01;35m[Kwarning: [m[KISO C++ forbids zero-size array ‘[01m[Kpayload[m[K’ [[01;35m[K-Wpedantic[m[K]
[14.426s]   324 |     sl_u8  payload[[01;35m[K0[m[K];
[14.426s]       |                    [01;35m[K^[m[K
[14.426s] In file included from [01m[K/home/mario/OpenCV_VC/ros_ws/src/sllidar_ros2/sdk/src/dataunpacker/unpacker/handler_hqnode.cpp:40[m[K:
[14.426s] [01m[K/home/mario/OpenCV_VC/ros_ws/src/sllidar_ros2/sdk/src/dataunpacker/unpacker/../dataunpacker.h:[m[K In member function ‘[01m[Kvirtual void sl::internal::LIDARSampleDataListener::onCustomSampleDataDecoded(_u8, _u32, const void*, size_t)[m[K’:
[14.426s] [01m[K/home/mario/OpenCV_VC/ros_ws/src/sllidar_ros2/sdk/src/dataunpacker/unpacker/../dataunpacker.h:54:52:[m[K [01;35m[Kwarning: [m[Kunused parameter ‘[01m[KansType[m[K’ [[01;35m[K-Wunused-parameter[m[K]
[14.426s]    54 |         virtual void onCustomSampleDataDecoded([01;35m[K_u8 ansType[m[K, _u32 customCode, const void* data, size_t size) {}
[14.427s]       |                                                [01;35m[K~~~~^~~~~~~[m[K
[14.427s] [01m[K/home/mario/OpenCV_VC/ros_ws/src/sllidar_ros2/sdk/src/dataunpacker/unpacker/../dataunpacker.h:54:66:[m[K [01;35m[Kwarning: [m[Kunused parameter ‘[01m[KcustomCode[m[K’ [[01;35m[K-Wunused-parameter[m[K]
[14.427s]    54 |         virtual void onCustomSampleDataDecoded(_u8 ansType, [01;35m[K_u32 customCode[m[K, const void* data, size_t size) {}
[14.427s]       |                                                             [01;35m[K~~~~~^~~~~~~~~~[m[K
[14.427s] [01m[K/home/mario/OpenCV_VC/ros_ws/src/sllidar_ros2/sdk/src/dataunpacker/unpacker/../dataunpacker.h:54:90:[m[K [01;35m[Kwarning: [m[Kunused parameter ‘[01m[Kdata[m[K’ [[01;35m[K-Wunused-parameter[m[K]
[14.427s]    54 |         virtual void onCustomSampleDataDecoded(_u8 ansType, _u32 customCode, [01;35m[Kconst void* data[m[K, size_t size) {}
[14.427s]       |                                                                              [01;35m[K~~~~~~~~~~~~^~~~[m[K
[14.427s] [01m[K/home/mario/OpenCV_VC/ros_ws/src/sllidar_ros2/sdk/src/dataunpacker/unpacker/../dataunpacker.h:54:103:[m[K [01;35m[Kwarning: [m[Kunused parameter ‘[01m[Ksize[m[K’ [[01;35m[K-Wunused-parameter[m[K]
[14.427s]    54 |         virtual void onCustomSampleDataDecoded(_u8 ansType, _u32 customCode, const void* data, [01;35m[Ksize_t size[m[K) {}
[14.427s]       |                                                                                                [01;35m[K~~~~~~~^~~~[m[K
[14.427s] [01m[K/home/mario/OpenCV_VC/ros_ws/src/sllidar_ros2/sdk/src/dataunpacker/unpacker/../dataunpacker.h:[m[K In member function ‘[01m[Kvirtual void sl::internal::LIDARSampleDataListener::onDecodingError(int, _u8, const void*, size_t)[m[K’:
[14.428s] [01m[K/home/mario/OpenCV_VC/ros_ws/src/sllidar_ros2/sdk/src/dataunpacker/unpacker/../dataunpacker.h:56:42:[m[K [01;35m[Kwarning: [m[Kunused parameter ‘[01m[KerrMsg[m[K’ [[01;35m[K-Wunused-parameter[m[K]
[14.428s]    56 |         virtual void onDecodingError([01;35m[Kint errMsg[m[K, _u8 ansType, const void* payload, size_t size) {}
[14.428s]       |                                      [01;35m[K~~~~^~~~~~[m[K
[14.428s] [01m[K/home/mario/OpenCV_VC/ros_ws/src/sllidar_ros2/sdk/src/dataunpacker/unpacker/../dataunpacker.h:56:54:[m[K [01;35m[Kwarning: [m[Kunused parameter ‘[01m[KansType[m[K’ [[01;35m[K-Wunused-parameter[m[K]
[14.428s]    56 |         virtual void onDecodingError(int errMsg, [01;35m[K_u8 ansType[m[K, const void* payload, size_t size) {}
[14.428s]       |                                                  [01;35m[K~~~~^~~~~~~[m[K
[14.428s] [01m[K/home/mario/OpenCV_VC/ros_ws/src/sllidar_ros2/sdk/src/dataunpacker/unpacker/../dataunpacker.h:56:75:[m[K [01;35m[Kwarning: [m[Kunused parameter ‘[01m[Kpayload[m[K’ [[01;35m[K-Wunused-parameter[m[K]
[14.428s]    56 |         virtual void onDecodingError(int errMsg, _u8 ansType, [01;35m[Kconst void* payload[m[K, size_t size) {}
[14.428s]       |                                                               [01;35m[K~~~~~~~~~~~~^~~~~~~[m[K
[14.428s] [01m[K/home/mario/OpenCV_VC/ros_ws/src/sllidar_ros2/sdk/src/dataunpacker/unpacker/../dataunpacker.h:56:91:[m[K [01;35m[Kwarning: [m[Kunused parameter ‘[01m[Ksize[m[K’ [[01;35m[K-Wunused-parameter[m[K]
[14.428s]    56 |         virtual void onDecodingError(int errMsg, _u8 ansType, const void* payload, [01;35m[Ksize_t size[m[K) {}
[14.429s]       |                                                                                    [01;35m[K~~~~~~~^~~~[m[K
[14.454s] In file included from [01m[K/home/mario/OpenCV_VC/ros_ws/src/sllidar_ros2/./sdk/include/rplidar_protocol.h:36[m[K,
[14.454s]                  from [01m[K/home/mario/OpenCV_VC/ros_ws/src/sllidar_ros2/./sdk/include/rplidar.h:39[m[K,
[14.455s]                  from [01m[K/home/mario/OpenCV_VC/ros_ws/src/sllidar_ros2/./sdk/src/sdkcommon.h:49[m[K,
[14.455s]                  from [01m[K/home/mario/OpenCV_VC/ros_ws/src/sllidar_ros2/sdk/src/dataunpacker/dataunnpacker_commondef.h:41[m[K,
[14.455s]                  from [01m[K/home/mario/OpenCV_VC/ros_ws/src/sllidar_ros2/sdk/src/dataunpacker/dataunpacker.cpp:39[m[K:
[14.455s] [01m[K/home/mario/OpenCV_VC/ros_ws/src/sllidar_ros2/./sdk/include/sl_lidar_protocol.h:66:16:[m[K [01;35m[Kwarning: [m[KISO C++ forbids zero-size array ‘[01m[Kdata[m[K’ [[01;35m[K-Wpedantic[m[K]
[14.455s]    66 |     sl_u8 data[[01;35m[K0[m[K];
[14.455s]       |                [01;35m[K^[m[K
[14.455s] In file included from [01m[K/home/mario/OpenCV_VC/ros_ws/src/sllidar_ros2/./sdk/include/rplidar_cmd.h:36[m[K,
[14.455s]                  from [01m[K/home/mario/OpenCV_VC/ros_ws/src/sllidar_ros2/./sdk/include/rplidar.h:40[m[K,
[14.455s]                  from [01m[K/home/mario/OpenCV_VC/ros_ws/src/sllidar_ros2/./sdk/src/sdkcommon.h:49[m[K,
[14.455s]                  from [01m[K/home/mario/OpenCV_VC/ros_ws/src/sllidar_ros2/sdk/src/dataunpacker/dataunnpacker_commondef.h:41[m[K,
[14.455s]                  from [01m[K/home/mario/OpenCV_VC/ros_ws/src/sllidar_ros2/sdk/src/dataunpacker/dataunpacker.cpp:39[m[K:
[14.455s] [01m[K/home/mario/OpenCV_VC/ros_ws/src/sllidar_ros2/./sdk/include/sl_lidar_cmd.h:324:20:[m[K [01;35m[Kwarning: [m[KISO C++ forbids zero-size array ‘[01m[Kpayload[m[K’ [[01;35m[K-Wpedantic[m[K]
[14.456s]   324 |     sl_u8  payload[[01;35m[K0[m[K];
[14.456s]       |                    [01;35m[K^[m[K
[14.456s] In file included from [01m[K/home/mario/OpenCV_VC/ros_ws/src/sllidar_ros2/sdk/src/dataunpacker/dataunpacker.cpp:40[m[K:
[14.456s] [01m[K/home/mario/OpenCV_VC/ros_ws/src/sllidar_ros2/sdk/src/dataunpacker/dataunpacker.h:[m[K In member function ‘[01m[Kvirtual void sl::internal::LIDARSampleDataListener::onCustomSampleDataDecoded(_u8, _u32, const void*, size_t)[m[K’:
[14.456s] [01m[K/home/mario/OpenCV_VC/ros_ws/src/sllidar_ros2/sdk/src/dataunpacker/dataunpacker.h:54:52:[m[K [01;35m[Kwarning: [m[Kunused parameter ‘[01m[KansType[m[K’ [[01;35m[K-Wunused-parameter[m[K]
[14.456s]    54 |         virtual void onCustomSampleDataDecoded([01;35m[K_u8 ansType[m[K, _u32 customCode, const void* data, size_t size) {}
[14.456s]       |                                                [01;35m[K~~~~^~~~~~~[m[K
[14.456s] [01m[K/home/mario/OpenCV_VC/ros_ws/src/sllidar_ros2/sdk/src/dataunpacker/dataunpacker.h:54:66:[m[K [01;35m[Kwarning: [m[Kunused parameter ‘[01m[KcustomCode[m[K’ [[01;35m[K-Wunused-parameter[m[K]
[14.456s]    54 |         virtual void onCustomSampleDataDecoded(_u8 ansType, [01;35m[K_u32 customCode[m[K, const void* data, size_t size) {}
[14.456s]       |                                                             [01;35m[K~~~~~^~~~~~~~~~[m[K
[14.456s] [01m[K/home/mario/OpenCV_VC/ros_ws/src/sllidar_ros2/sdk/src/dataunpacker/dataunpacker.h:54:90:[m[K [01;35m[Kwarning: [m[Kunused parameter ‘[01m[Kdata[m[K’ [[01;35m[K-Wunused-parameter[m[K]
[14.457s]    54 |         virtual void onCustomSampleDataDecoded(_u8 ansType, _u32 customCode, [01;35m[Kconst void* data[m[K, size_t size) {}
[14.457s]       |                                                                              [01;35m[K~~~~~~~~~~~~^~~~[m[K
[14.457s] [01m[K/home/mario/OpenCV_VC/ros_ws/src/sllidar_ros2/sdk/src/dataunpacker/dataunpacker.h:54:103:[m[K [01;35m[Kwarning: [m[Kunused parameter ‘[01m[Ksize[m[K’ [[01;35m[K-Wunused-parameter[m[K]
[14.457s]    54 |         virtual void onCustomSampleDataDecoded(_u8 ansType, _u32 customCode, const void* data, [01;35m[Ksize_t size[m[K) {}
[14.457s]       |                                                                                                [01;35m[K~~~~~~~^~~~[m[K
[14.457s] [01m[K/home/mario/OpenCV_VC/ros_ws/src/sllidar_ros2/sdk/src/dataunpacker/dataunpacker.h:[m[K In member function ‘[01m[Kvirtual void sl::internal::LIDARSampleDataListener::onDecodingError(int, _u8, const void*, size_t)[m[K’:
[14.457s] [01m[K/home/mario/OpenCV_VC/ros_ws/src/sllidar_ros2/sdk/src/dataunpacker/dataunpacker.h:56:42:[m[K [01;35m[Kwarning: [m[Kunused parameter ‘[01m[KerrMsg[m[K’ [[01;35m[K-Wunused-parameter[m[K]
[14.457s]    56 |         virtual void onDecodingError([01;35m[Kint errMsg[m[K, _u8 ansType, const void* payload, size_t size) {}
[14.457s]       |                                      [01;35m[K~~~~^~~~~~[m[K
[14.457s] [01m[K/home/mario/OpenCV_VC/ros_ws/src/sllidar_ros2/sdk/src/dataunpacker/dataunpacker.h:56:54:[m[K [01;35m[Kwarning: [m[Kunused parameter ‘[01m[KansType[m[K’ [[01;35m[K-Wunused-parameter[m[K]
[14.457s]    56 |         virtual void onDecodingError(int errMsg, [01;35m[K_u8 ansType[m[K, const void* payload, size_t size) {}
[14.458s]       |                                                  [01;35m[K~~~~^~~~~~~[m[K
[14.458s] [01m[K/home/mario/OpenCV_VC/ros_ws/src/sllidar_ros2/sdk/src/dataunpacker/dataunpacker.h:56:75:[m[K [01;35m[Kwarning: [m[Kunused parameter ‘[01m[Kpayload[m[K’ [[01;35m[K-Wunused-parameter[m[K]
[14.458s]    56 |         virtual void onDecodingError(int errMsg, _u8 ansType, [01;35m[Kconst void* payload[m[K, size_t size) {}
[14.458s]       |                                                               [01;35m[K~~~~~~~~~~~~^~~~~~~[m[K
[14.458s] [01m[K/home/mario/OpenCV_VC/ros_ws/src/sllidar_ros2/sdk/src/dataunpacker/dataunpacker.h:56:91:[m[K [01;35m[Kwarning: [m[Kunused parameter ‘[01m[Ksize[m[K’ [[01;35m[K-Wunused-parameter[m[K]
[14.458s]    56 |         virtual void onDecodingError(int errMsg, _u8 ansType, const void* payload, [01;35m[Ksize_t size[m[K) {}
[14.458s]       |                                                                                    [01;35m[K~~~~~~~^~~~[m[K
[14.540s] In file included from [01m[K/home/mario/OpenCV_VC/ros_ws/src/sllidar_ros2/./sdk/include/rplidar_protocol.h:36[m[K,
[14.541s]                  from [01m[K/home/mario/OpenCV_VC/ros_ws/src/sllidar_ros2/./sdk/include/rplidar.h:39[m[K,
[14.541s]                  from [01m[K/home/mario/OpenCV_VC/ros_ws/src/sllidar_ros2/./sdk/src/sdkcommon.h:49[m[K,
[14.541s]                  from [01m[K/home/mario/OpenCV_VC/ros_ws/src/sllidar_ros2/sdk/src/dataunpacker/unpacker/../dataunnpacker_commondef.h:41[m[K,
[14.541s]                  from [01m[K/home/mario/OpenCV_VC/ros_ws/src/sllidar_ros2/sdk/src/dataunpacker/unpacker/handler_capsules.cpp:39[m[K:
[14.541s] [01m[K/home/mario/OpenCV_VC/ros_ws/src/sllidar_ros2/./sdk/include/sl_lidar_protocol.h:66:16:[m[K [01;35m[Kwarning: [m[KISO C++ forbids zero-size array ‘[01m[Kdata[m[K’ [[01;35m[K-Wpedantic[m[K]
[14.541s]    66 |     sl_u8 data[[01;35m[K0[m[K];
[14.541s]       |                [01;35m[K^[m[K
[14.541s] In file included from [01m[K/home/mario/OpenCV_VC/ros_ws/src/sllidar_ros2/./sdk/include/rplidar_cmd.h:36[m[K,
[14.541s]                  from [01m[K/home/mario/OpenCV_VC/ros_ws/src/sllidar_ros2/./sdk/include/rplidar.h:40[m[K,
[14.541s]                  from [01m[K/home/mario/OpenCV_VC/ros_ws/src/sllidar_ros2/./sdk/src/sdkcommon.h:49[m[K,
[14.541s]                  from [01m[K/home/mario/OpenCV_VC/ros_ws/src/sllidar_ros2/sdk/src/dataunpacker/unpacker/../dataunnpacker_commondef.h:41[m[K,
[14.542s]                  from [01m[K/home/mario/OpenCV_VC/ros_ws/src/sllidar_ros2/sdk/src/dataunpacker/unpacker/handler_capsules.cpp:39[m[K:
[14.542s] [01m[K/home/mario/OpenCV_VC/ros_ws/src/sllidar_ros2/./sdk/include/sl_lidar_cmd.h:324:20:[m[K [01;35m[Kwarning: [m[KISO C++ forbids zero-size array ‘[01m[Kpayload[m[K’ [[01;35m[K-Wpedantic[m[K]
[14.542s]   324 |     sl_u8  payload[[01;35m[K0[m[K];
[14.542s]       |                    [01;35m[K^[m[K
[14.542s] In file included from [01m[K/home/mario/OpenCV_VC/ros_ws/src/sllidar_ros2/sdk/src/dataunpacker/unpacker/handler_capsules.cpp:40[m[K:
[14.542s] [01m[K/home/mario/OpenCV_VC/ros_ws/src/sllidar_ros2/sdk/src/dataunpacker/unpacker/../dataunpacker.h:[m[K In member function ‘[01m[Kvirtual void sl::internal::LIDARSampleDataListener::onCustomSampleDataDecoded(_u8, _u32, const void*, size_t)[m[K’:
[14.542s] [01m[K/home/mario/OpenCV_VC/ros_ws/src/sllidar_ros2/sdk/src/dataunpacker/unpacker/../dataunpacker.h:54:52:[m[K [01;35m[Kwarning: [m[Kunused parameter ‘[01m[KansType[m[K’ [[01;35m[K-Wunused-parameter[m[K]
[14.542s]    54 |         virtual void onCustomSampleDataDecoded([01;35m[K_u8 ansType[m[K, _u32 customCode, const void* data, size_t size) {}
[14.543s]       |                                                [01;35m[K~~~~^~~~~~~[m[K
[14.543s] [01m[K/home/mario/OpenCV_VC/ros_ws/src/sllidar_ros2/sdk/src/dataunpacker/unpacker/../dataunpacker.h:54:66:[m[K [01;35m[Kwarning: [m[Kunused parameter ‘[01m[KcustomCode[m[K’ [[01;35m[K-Wunused-parameter[m[K]
[14.543s]    54 |         virtual void onCustomSampleDataDecoded(_u8 ansType, [01;35m[K_u32 customCode[m[K, const void* data, size_t size) {}
[14.543s]       |                                                             [01;35m[K~~~~~^~~~~~~~~~[m[K
[14.543s] [01m[K/home/mario/OpenCV_VC/ros_ws/src/sllidar_ros2/sdk/src/dataunpacker/unpacker/../dataunpacker.h:54:90:[m[K [01;35m[Kwarning: [m[Kunused parameter ‘[01m[Kdata[m[K’ [[01;35m[K-Wunused-parameter[m[K]
[14.543s]    54 |         virtual void onCustomSampleDataDecoded(_u8 ansType, _u32 customCode, [01;35m[Kconst void* data[m[K, size_t size) {}
[14.543s]       |                                                                              [01;35m[K~~~~~~~~~~~~^~~~[m[K
[14.543s] [01m[K/home/mario/OpenCV_VC/ros_ws/src/sllidar_ros2/sdk/src/dataunpacker/unpacker/../dataunpacker.h:54:103:[m[K [01;35m[Kwarning: [m[Kunused parameter ‘[01m[Ksize[m[K’ [[01;35m[K-Wunused-parameter[m[K]
[14.543s]    54 |         virtual void onCustomSampleDataDecoded(_u8 ansType, _u32 customCode, const void* data, [01;35m[Ksize_t size[m[K) {}
[14.543s]       |                                                                                                [01;35m[K~~~~~~~^~~~[m[K
[14.544s] [01m[K/home/mario/OpenCV_VC/ros_ws/src/sllidar_ros2/sdk/src/dataunpacker/unpacker/../dataunpacker.h:[m[K In member function ‘[01m[Kvirtual void sl::internal::LIDARSampleDataListener::onDecodingError(int, _u8, const void*, size_t)[m[K’:
[14.544s] [01m[K/home/mario/OpenCV_VC/ros_ws/src/sllidar_ros2/sdk/src/dataunpacker/unpacker/../dataunpacker.h:56:42:[m[K [01;35m[Kwarning: [m[Kunused parameter ‘[01m[KerrMsg[m[K’ [[01;35m[K-Wunused-parameter[m[K]
[14.544s]    56 |         virtual void onDecodingError([01;35m[Kint errMsg[m[K, _u8 ansType, const void* payload, size_t size) {}
[14.544s]       |                                      [01;35m[K~~~~^~~~~~[m[K
[14.544s] [01m[K/home/mario/OpenCV_VC/ros_ws/src/sllidar_ros2/sdk/src/dataunpacker/unpacker/../dataunpacker.h:56:54:[m[K [01;35m[Kwarning: [m[Kunused parameter ‘[01m[KansType[m[K’ [[01;35m[K-Wunused-parameter[m[K]
[14.544s]    56 |         virtual void onDecodingError(int errMsg, [01;35m[K_u8 ansType[m[K, const void* payload, size_t size) {}
[14.544s]       |                                                  [01;35m[K~~~~^~~~~~~[m[K
[14.544s] [01m[K/home/mario/OpenCV_VC/ros_ws/src/sllidar_ros2/sdk/src/dataunpacker/unpacker/../dataunpacker.h:56:75:[m[K [01;35m[Kwarning: [m[Kunused parameter ‘[01m[Kpayload[m[K’ [[01;35m[K-Wunused-parameter[m[K]
[14.544s]    56 |         virtual void onDecodingError(int errMsg, _u8 ansType, [01;35m[Kconst void* payload[m[K, size_t size) {}
[14.544s]       |                                                               [01;35m[K~~~~~~~~~~~~^~~~~~~[m[K
[14.544s] [01m[K/home/mario/OpenCV_VC/ros_ws/src/sllidar_ros2/sdk/src/dataunpacker/unpacker/../dataunpacker.h:56:91:[m[K [01;35m[Kwarning: [m[Kunused parameter ‘[01m[Ksize[m[K’ [[01;35m[K-Wunused-parameter[m[K]
[14.545s]    56 |         virtual void onDecodingError(int errMsg, _u8 ansType, const void* payload, [01;35m[Ksize_t size[m[K) {}
[14.545s]       |                                                                                    [01;35m[K~~~~~~~^~~~[m[K
[14.545s] [01m[K/home/mario/OpenCV_VC/ros_ws/src/sllidar_ros2/sdk/src/dataunpacker/unpacker/handler_capsules.cpp:[m[K In member function ‘[01m[Kvoid sl::internal::unpacker::UnpackerHandler_DenseCapsuleNode::_onScanNodeDenseCapsuleData(rplidar_response_dense_capsule_measurement_nodes_t&, sl::internal::LIDARSampleDataUnpackerInner*)[m[K’:
[14.545s] [01m[K/home/mario/OpenCV_VC/ros_ws/src/sllidar_ros2/sdk/src/dataunpacker/unpacker/handler_capsules.cpp:763:30:[m[K [01;35m[Kwarning: [m[Ktype qualifiers ignored on cast result type [[01;35m[K-Wignored-qualifiers[m[K]
[14.545s]   763 |             const int dist = [01;35m[Kstatic_cast<const int>(_cached_previous_dense_capsuledata.cabins[pos].distance)[m[K;
[14.545s]       |                              [01;35m[K^~~~~~~~~~~~~~~~~~~~~~~~~~~~~~~~~~~~~~~~~~~~~~~~~~~~~~~~~~~~~~~~~~~~~~~~~~~~~~~[m[K
[14.868s] In file included from [01m[K/home/mario/OpenCV_VC/ros_ws/src/sllidar_ros2/./sdk/include/sl_lidar_cmd.h:41[m[K,
[14.868s]                  from [01m[K/home/mario/OpenCV_VC/ros_ws/src/sllidar_ros2/./sdk/include/sl_lidar_driver.h:54[m[K,
[14.869s]                  from [01m[K/home/mario/OpenCV_VC/ros_ws/src/sllidar_ros2/sdk/src/sl_serial_channel.cpp:33[m[K:
[14.869s] [01m[K/home/mario/OpenCV_VC/ros_ws/src/sllidar_ros2/./sdk/include/sl_lidar_protocol.h:66:16:[m[K [01;35m[Kwarning: [m[KISO C++ forbids zero-size array ‘[01m[Kdata[m[K’ [[01;35m[K-Wpedantic[m[K]
[14.869s]    66 |     sl_u8 data[[01;35m[K0[m[K];
[14.869s]       |                [01;35m[K^[m[K
[14.869s] In file included from [01m[K/home/mario/OpenCV_VC/ros_ws/src/sllidar_ros2/./sdk/include/sl_lidar_driver.h:54[m[K,
[14.869s]                  from [01m[K/home/mario/OpenCV_VC/ros_ws/src/sllidar_ros2/sdk/src/sl_serial_channel.cpp:33[m[K:
[14.869s] [01m[K/home/mario/OpenCV_VC/ros_ws/src/sllidar_ros2/./sdk/include/sl_lidar_cmd.h:324:20:[m[K [01;35m[Kwarning: [m[KISO C++ forbids zero-size array ‘[01m[Kpayload[m[K’ [[01;35m[K-Wpedantic[m[K]
[14.869s]   324 |     sl_u8  payload[[01;35m[K0[m[K];
[14.869s]       |                    [01;35m[K^[m[K
[14.886s] In file included from [01m[K/home/mario/OpenCV_VC/ros_ws/src/sllidar_ros2/./sdk/include/sl_lidar_cmd.h:41[m[K,
[14.886s]                  from [01m[K/home/mario/OpenCV_VC/ros_ws/src/sllidar_ros2/./sdk/include/sl_lidar_driver.h:54[m[K,
[14.886s]                  from [01m[K/home/mario/OpenCV_VC/ros_ws/src/sllidar_ros2/sdk/src/sl_udp_channel.cpp:33[m[K:
[14.886s] [01m[K/home/mario/OpenCV_VC/ros_ws/src/sllidar_ros2/./sdk/include/sl_lidar_protocol.h:66:16:[m[K [01;35m[Kwarning: [m[KISO C++ forbids zero-size array ‘[01m[Kdata[m[K’ [[01;35m[K-Wpedantic[m[K]
[14.886s]    66 |     sl_u8 data[[01;35m[K0[m[K];
[14.887s]       |                [01;35m[K^[m[K
[14.887s] In file included from [01m[K/home/mario/OpenCV_VC/ros_ws/src/sllidar_ros2/./sdk/include/sl_lidar_driver.h:54[m[K,
[14.887s]                  from [01m[K/home/mario/OpenCV_VC/ros_ws/src/sllidar_ros2/sdk/src/sl_udp_channel.cpp:33[m[K:
[14.887s] [01m[K/home/mario/OpenCV_VC/ros_ws/src/sllidar_ros2/./sdk/include/sl_lidar_cmd.h:324:20:[m[K [01;35m[Kwarning: [m[KISO C++ forbids zero-size array ‘[01m[Kpayload[m[K’ [[01;35m[K-Wpedantic[m[K]
[14.887s]   324 |     sl_u8  payload[[01;35m[K0[m[K];
[14.887s]       |                    [01;35m[K^[m[K
[14.887s] [01m[K/home/mario/OpenCV_VC/ros_ws/src/sllidar_ros2/sdk/src/sl_udp_channel.cpp:[m[K In member function ‘[01m[Kvoid sl::UdpChannel::setStatus(_u32)[m[K’:
[14.887s] [01m[K/home/mario/OpenCV_VC/ros_ws/src/sllidar_ros2/sdk/src/sl_udp_channel.cpp:112:29:[m[K [01;35m[Kwarning: [m[Kunused parameter ‘[01m[Kflag[m[K’ [[01;35m[K-Wunused-parameter[m[K]
[14.887s]   112 |         void setStatus([01;35m[K_u32 flag[m[K){}
[14.887s]       |                        [01;35m[K~~~~~^~~~[m[K
[14.897s] In file included from [01m[K/home/mario/OpenCV_VC/ros_ws/src/sllidar_ros2/./sdk/include/sl_lidar_cmd.h:41[m[K,
[14.897s]                  from [01m[K/home/mario/OpenCV_VC/ros_ws/src/sllidar_ros2/./sdk/include/sl_lidar_driver.h:54[m[K,
[14.897s]                  from [01m[K/home/mario/OpenCV_VC/ros_ws/src/sllidar_ros2/sdk/src/sl_tcp_channel.cpp:33[m[K:
[14.897s] [01m[K/home/mario/OpenCV_VC/ros_ws/src/sllidar_ros2/./sdk/include/sl_lidar_protocol.h:66:16:[m[K [01;35m[Kwarning: [m[KISO C++ forbids zero-size array ‘[01m[Kdata[m[K’ [[01;35m[K-Wpedantic[m[K]
[14.897s]    66 |     sl_u8 data[[01;35m[K0[m[K];
[14.897s]       |                [01;35m[K^[m[K
[14.898s] In file included from [01m[K/home/mario/OpenCV_VC/ros_ws/src/sllidar_ros2/./sdk/include/sl_lidar_driver.h:54[m[K,
[14.898s]                  from [01m[K/home/mario/OpenCV_VC/ros_ws/src/sllidar_ros2/sdk/src/sl_tcp_channel.cpp:33[m[K:
[14.898s] [01m[K/home/mario/OpenCV_VC/ros_ws/src/sllidar_ros2/./sdk/include/sl_lidar_cmd.h:324:20:[m[K [01;35m[Kwarning: [m[KISO C++ forbids zero-size array ‘[01m[Kpayload[m[K’ [[01;35m[K-Wpedantic[m[K]
[14.898s]   324 |     sl_u8  payload[[01;35m[K0[m[K];
[14.898s]       |                    [01;35m[K^[m[K
[14.898s] [01m[K/home/mario/OpenCV_VC/ros_ws/src/sllidar_ros2/sdk/src/sl_tcp_channel.cpp:[m[K In member function ‘[01m[Kvoid sl::TcpChannel::setStatus(_u32)[m[K’:
[14.898s] [01m[K/home/mario/OpenCV_VC/ros_ws/src/sllidar_ros2/sdk/src/sl_tcp_channel.cpp:109:29:[m[K [01;35m[Kwarning: [m[Kunused parameter ‘[01m[Kflag[m[K’ [[01;35m[K-Wunused-parameter[m[K]
[14.898s]   109 |         void setStatus([01;35m[K_u32 flag[m[K){}
[14.898s]       |                        [01;35m[K~~~~~^~~~[m[K
[15.208s] In file included from [01m[K/home/mario/OpenCV_VC/ros_ws/src/sllidar_ros2/./sdk/include/rplidar_protocol.h:36[m[K,
[15.208s]                  from [01m[K/home/mario/OpenCV_VC/ros_ws/src/sllidar_ros2/./sdk/include/rplidar.h:39[m[K,
[15.208s]                  from [01m[K/home/mario/OpenCV_VC/ros_ws/src/sllidar_ros2/sdk/src/sdkcommon.h:49[m[K,
[15.208s]                  from [01m[K/home/mario/OpenCV_VC/ros_ws/src/sllidar_ros2/sdk/src/sl_lidarprotocol_codec.cpp:35[m[K:
[15.208s] [01m[K/home/mario/OpenCV_VC/ros_ws/src/sllidar_ros2/./sdk/include/sl_lidar_protocol.h:66:16:[m[K [01;35m[Kwarning: [m[KISO C++ forbids zero-size array ‘[01m[Kdata[m[K’ [[01;35m[K-Wpedantic[m[K]
[15.208s]    66 |     sl_u8 data[[01;35m[K0[m[K];
[15.208s]       |                [01;35m[K^[m[K
[15.209s] In file included from [01m[K/home/mario/OpenCV_VC/ros_ws/src/sllidar_ros2/./sdk/include/rplidar_cmd.h:36[m[K,
[15.209s]                  from [01m[K/home/mario/OpenCV_VC/ros_ws/src/sllidar_ros2/./sdk/include/rplidar.h:40[m[K,
[15.209s]                  from [01m[K/home/mario/OpenCV_VC/ros_ws/src/sllidar_ros2/sdk/src/sdkcommon.h:49[m[K,
[15.209s]                  from [01m[K/home/mario/OpenCV_VC/ros_ws/src/sllidar_ros2/sdk/src/sl_lidarprotocol_codec.cpp:35[m[K:
[15.209s] [01m[K/home/mario/OpenCV_VC/ros_ws/src/sllidar_ros2/./sdk/include/sl_lidar_cmd.h:324:20:[m[K [01;35m[Kwarning: [m[KISO C++ forbids zero-size array ‘[01m[Kpayload[m[K’ [[01;35m[K-Wpedantic[m[K]
[15.209s]   324 |     sl_u8  payload[[01;35m[K0[m[K];
[15.209s]       |                    [01;35m[K^[m[K
[15.209s] In file included from [01m[K/home/mario/OpenCV_VC/ros_ws/src/sllidar_ros2/sdk/src/sl_lidarprotocol_codec.cpp:49[m[K:
[15.209s] [01m[K/home/mario/OpenCV_VC/ros_ws/src/sllidar_ros2/sdk/src/sl_async_transceiver.h:[m[K In member function ‘[01m[Kvirtual void sl::internal::IAsyncProtocolCodec::onChannelError(u_result)[m[K’:
[15.209s] [01m[K/home/mario/OpenCV_VC/ros_ws/src/sllidar_ros2/sdk/src/sl_async_transceiver.h:90:48:[m[K [01;35m[Kwarning: [m[Kunused parameter ‘[01m[KerrCode[m[K’ [[01;35m[K-Wunused-parameter[m[K]
[15.210s]    90 |         virtual void   onChannelError([01;35m[Ku_result errCode[m[K) {}
[15.210s]       |                                       [01;35m[K~~~~~~~~~^~~~~~~[m[K
[15.738s] In file included from [01m[K/home/mario/OpenCV_VC/ros_ws/src/sllidar_ros2/./sdk/include/rplidar_protocol.h:36[m[K,
[15.738s]                  from [01m[K/home/mario/OpenCV_VC/ros_ws/src/sllidar_ros2/./sdk/include/rplidar.h:39[m[K,
[15.738s]                  from [01m[K/home/mario/OpenCV_VC/ros_ws/src/sllidar_ros2/sdk/src/sdkcommon.h:49[m[K,
[15.738s]                  from [01m[K/home/mario/OpenCV_VC/ros_ws/src/sllidar_ros2/sdk/src/sl_lidar_driver.cpp:33[m[K:
[15.738s] [01m[K/home/mario/OpenCV_VC/ros_ws/src/sllidar_ros2/./sdk/include/sl_lidar_protocol.h:66:16:[m[K [01;35m[Kwarning: [m[KISO C++ forbids zero-size array ‘[01m[Kdata[m[K’ [[01;35m[K-Wpedantic[m[K]
[15.739s]    66 |     sl_u8 data[[01;35m[K0[m[K];
[15.739s]       |                [01;35m[K^[m[K
[15.739s] In file included from [01m[K/home/mario/OpenCV_VC/ros_ws/src/sllidar_ros2/./sdk/include/rplidar_cmd.h:36[m[K,
[15.739s]                  from [01m[K/home/mario/OpenCV_VC/ros_ws/src/sllidar_ros2/./sdk/include/rplidar.h:40[m[K,
[15.739s]                  from [01m[K/home/mario/OpenCV_VC/ros_ws/src/sllidar_ros2/sdk/src/sdkcommon.h:49[m[K,
[15.739s]                  from [01m[K/home/mario/OpenCV_VC/ros_ws/src/sllidar_ros2/sdk/src/sl_lidar_driver.cpp:33[m[K:
[15.739s] [01m[K/home/mario/OpenCV_VC/ros_ws/src/sllidar_ros2/./sdk/include/sl_lidar_cmd.h:324:20:[m[K [01;35m[Kwarning: [m[KISO C++ forbids zero-size array ‘[01m[Kpayload[m[K’ [[01;35m[K-Wpedantic[m[K]
[15.739s]   324 |     sl_u8  payload[[01;35m[K0[m[K];
[15.739s]       |                    [01;35m[K^[m[K
[15.739s] In file included from [01m[K/home/mario/OpenCV_VC/ros_ws/src/sllidar_ros2/sdk/src/sl_lidar_driver.cpp:50[m[K:
[15.739s] [01m[K/home/mario/OpenCV_VC/ros_ws/src/sllidar_ros2/sdk/src/dataunpacker/dataunpacker.h:[m[K In member function ‘[01m[Kvirtual void sl::internal::LIDARSampleDataListener::onCustomSampleDataDecoded(_u8, _u32, const void*, size_t)[m[K’:
[15.740s] [01m[K/home/mario/OpenCV_VC/ros_ws/src/sllidar_ros2/sdk/src/dataunpacker/dataunpacker.h:54:52:[m[K [01;35m[Kwarning: [m[Kunused parameter ‘[01m[KansType[m[K’ [[01;35m[K-Wunused-parameter[m[K]
[15.740s]    54 |         virtual void onCustomSampleDataDecoded([01;35m[K_u8 ansType[m[K, _u32 customCode, const void* data, size_t size) {}
[15.740s]       |                                                [01;35m[K~~~~^~~~~~~[m[K
[15.740s] [01m[K/home/mario/OpenCV_VC/ros_ws/src/sllidar_ros2/sdk/src/dataunpacker/dataunpacker.h:54:66:[m[K [01;35m[Kwarning: [m[Kunused parameter ‘[01m[KcustomCode[m[K’ [[01;35m[K-Wunused-parameter[m[K]
[15.740s]    54 |         virtual void onCustomSampleDataDecoded(_u8 ansType, [01;35m[K_u32 customCode[m[K, const void* data, size_t size) {}
[15.740s]       |                                                             [01;35m[K~~~~~^~~~~~~~~~[m[K
[15.740s] [01m[K/home/mario/OpenCV_VC/ros_ws/src/sllidar_ros2/sdk/src/dataunpacker/dataunpacker.h:54:90:[m[K [01;35m[Kwarning: [m[Kunused parameter ‘[01m[Kdata[m[K’ [[01;35m[K-Wunused-parameter[m[K]
[15.740s]    54 |         virtual void onCustomSampleDataDecoded(_u8 ansType, _u32 customCode, [01;35m[Kconst void* data[m[K, size_t size) {}
[15.740s]       |                                                                              [01;35m[K~~~~~~~~~~~~^~~~[m[K
[15.740s] [01m[K/home/mario/OpenCV_VC/ros_ws/src/sllidar_ros2/sdk/src/dataunpacker/dataunpacker.h:54:103:[m[K [01;35m[Kwarning: [m[Kunused parameter ‘[01m[Ksize[m[K’ [[01;35m[K-Wunused-parameter[m[K]
[15.740s]    54 |         virtual void onCustomSampleDataDecoded(_u8 ansType, _u32 customCode, const void* data, [01;35m[Ksize_t size[m[K) {}
[15.740s]       |                                                                                                [01;35m[K~~~~~~~^~~~[m[K
[15.740s] [01m[K/home/mario/OpenCV_VC/ros_ws/src/sllidar_ros2/sdk/src/dataunpacker/dataunpacker.h:[m[K In member function ‘[01m[Kvirtual void sl::internal::LIDARSampleDataListener::onDecodingError(int, _u8, const void*, size_t)[m[K’:
[15.741s] [01m[K/home/mario/OpenCV_VC/ros_ws/src/sllidar_ros2/sdk/src/dataunpacker/dataunpacker.h:56:42:[m[K [01;35m[Kwarning: [m[Kunused parameter ‘[01m[KerrMsg[m[K’ [[01;35m[K-Wunused-parameter[m[K]
[15.741s]    56 |         virtual void onDecodingError([01;35m[Kint errMsg[m[K, _u8 ansType, const void* payload, size_t size) {}
[15.741s]       |                                      [01;35m[K~~~~^~~~~~[m[K
[15.741s] [01m[K/home/mario/OpenCV_VC/ros_ws/src/sllidar_ros2/sdk/src/dataunpacker/dataunpacker.h:56:54:[m[K [01;35m[Kwarning: [m[Kunused parameter ‘[01m[KansType[m[K’ [[01;35m[K-Wunused-parameter[m[K]
[15.741s]    56 |         virtual void onDecodingError(int errMsg, [01;35m[K_u8 ansType[m[K, const void* payload, size_t size) {}
[15.741s]       |                                                  [01;35m[K~~~~^~~~~~~[m[K
[15.741s] [01m[K/home/mario/OpenCV_VC/ros_ws/src/sllidar_ros2/sdk/src/dataunpacker/dataunpacker.h:56:75:[m[K [01;35m[Kwarning: [m[Kunused parameter ‘[01m[Kpayload[m[K’ [[01;35m[K-Wunused-parameter[m[K]
[15.741s]    56 |         virtual void onDecodingError(int errMsg, _u8 ansType, [01;35m[Kconst void* payload[m[K, size_t size) {}
[15.741s]       |                                                               [01;35m[K~~~~~~~~~~~~^~~~~~~[m[K
[15.741s] [01m[K/home/mario/OpenCV_VC/ros_ws/src/sllidar_ros2/sdk/src/dataunpacker/dataunpacker.h:56:91:[m[K [01;35m[Kwarning: [m[Kunused parameter ‘[01m[Ksize[m[K’ [[01;35m[K-Wunused-parameter[m[K]
[15.741s]    56 |         virtual void onDecodingError(int errMsg, _u8 ansType, const void* payload, [01;35m[Ksize_t size[m[K) {}
[15.741s]       |                                                                                    [01;35m[K~~~~~~~^~~~[m[K
[15.742s] In file included from [01m[K/home/mario/OpenCV_VC/ros_ws/src/sllidar_ros2/sdk/src/sl_lidar_driver.cpp:51[m[K:
[15.742s] [01m[K/home/mario/OpenCV_VC/ros_ws/src/sllidar_ros2/sdk/src/sl_async_transceiver.h:[m[K In member function ‘[01m[Kvirtual void sl::internal::IAsyncProtocolCodec::onChannelError(u_result)[m[K’:
[15.742s] [01m[K/home/mario/OpenCV_VC/ros_ws/src/sllidar_ros2/sdk/src/sl_async_transceiver.h:90:48:[m[K [01;35m[Kwarning: [m[Kunused parameter ‘[01m[KerrCode[m[K’ [[01;35m[K-Wunused-parameter[m[K]
[15.742s]    90 |         virtual void   onChannelError([01;35m[Ku_result errCode[m[K) {}
[15.742s]       |                                       [01;35m[K~~~~~~~~~^~~~~~~[m[K
[15.742s] [01m[K/home/mario/OpenCV_VC/ros_ws/src/sllidar_ros2/sdk/src/sl_lidar_driver.cpp:[m[K In member function ‘[01m[Kvirtual sl_result sl::SlamtecLidarDriver::reset(sl_u32)[m[K’:
[15.742s] [01m[K/home/mario/OpenCV_VC/ros_ws/src/sllidar_ros2/sdk/src/sl_lidar_driver.cpp:511:32:[m[K [01;35m[Kwarning: [m[Kunused parameter ‘[01m[KtimeoutInMs[m[K’ [[01;35m[K-Wunused-parameter[m[K]
[15.742s]   511 |         sl_result reset([01;35m[Ksl_u32 timeoutInMs = DEFAULT_TIMEOUT[m[K)
[15.742s]       |                         [01;35m[K~~~~~~~^~~~~~~~~~~~~~~~~~~~~~~~~~~~~[m[K
[15.742s] [01m[K/home/mario/OpenCV_VC/ros_ws/src/sllidar_ros2/sdk/src/sl_lidar_driver.cpp:[m[K In member function ‘[01m[Kvirtual sl_result sl::SlamtecLidarDriver::startScan(bool, bool, sl_u32, sl::LidarScanMode*)[m[K’:
[15.743s] [01m[K/home/mario/OpenCV_VC/ros_ws/src/sllidar_ros2/sdk/src/sl_lidar_driver.cpp:586:69:[m[K [01;35m[Kwarning: [m[Kunused parameter ‘[01m[Koptions[m[K’ [[01;35m[K-Wunused-parameter[m[K]
[15.743s]   586 |         sl_result startScan(bool force, bool useTypicalScan, [01;35m[Ksl_u32 options = 0[m[K, LidarScanMode* outUsedScanMode = nullptr)
[15.743s]       |                                                              [01;35m[K~~~~~~~^~~~~~~~~~~[m[K
[15.743s] [01m[K/home/mario/OpenCV_VC/ros_ws/src/sllidar_ros2/sdk/src/sl_lidar_driver.cpp:[m[K In member function ‘[01m[Kvirtual sl_result sl::SlamtecLidarDriver::stop(sl_u32)[m[K’:
[15.743s] [01m[K/home/mario/OpenCV_VC/ros_ws/src/sllidar_ros2/sdk/src/sl_lidar_driver.cpp:763:31:[m[K [01;35m[Kwarning: [m[Kunused parameter ‘[01m[Ktimeout[m[K’ [[01;35m[K-Wunused-parameter[m[K]
[15.743s]   763 |         sl_result stop([01;35m[Ksl_u32 timeout = DEFAULT_TIMEOUT[m[K)
[15.743s]       |                        [01;35m[K~~~~~~~^~~~~~~~~~~~~~~~~~~~~~~~~[m[K
[15.743s] [01m[K/home/mario/OpenCV_VC/ros_ws/src/sllidar_ros2/sdk/src/sl_lidar_driver.cpp:[m[K In member function ‘[01m[Kvirtual sl_result sl::SlamtecLidarDriver::getFrequency(const sl::LidarScanMode&, const sl_lidar_response_measurement_node_hq_t*, size_t, float&)[m[K’:
[15.743s] [01m[K/home/mario/OpenCV_VC/ros_ws/src/sllidar_ros2/sdk/src/sl_lidar_driver.cpp:880:110:[m[K [01;35m[Kwarning: [m[Kunused parameter ‘[01m[Knodes[m[K’ [[01;35m[K-Wunused-parameter[m[K]
[15.743s]   880 |         sl_result getFrequency(const LidarScanMode& scanMode, [01;35m[Kconst sl_lidar_response_measurement_node_hq_t* nodes[m[K, size_t count, float& frequency)
[15.743s]       |                                                               [01;35m[K~~~~~~~~~~~~~~~~~~~~~~~~~~~~~~~~~~~~~~~~~~~~~~~^~~~~[m[K
[15.743s] [01m[K/home/mario/OpenCV_VC/ros_ws/src/sllidar_ros2/sdk/src/sl_lidar_driver.cpp:[m[K In member function ‘[01m[Kvirtual sl_result sl::SlamtecLidarDriver::getMotorInfo(sl::LidarMotorInfo&, sl_u32)[m[K’:
[15.743s] [01m[K/home/mario/OpenCV_VC/ros_ws/src/sllidar_ros2/sdk/src/sl_lidar_driver.cpp:1023:66:[m[K [01;35m[Kwarning: [m[Kunused parameter ‘[01m[KtimeoutInMs[m[K’ [[01;35m[K-Wunused-parameter[m[K]
[15.744s]  1023 |         sl_result getMotorInfo(LidarMotorInfo &motorInfo, [01;35m[Ksl_u32 timeoutInMs[m[K)
[15.744s]       |                                                           [01;35m[K~~~~~~~^~~~~~~~~~~[m[K
[15.744s] [01m[K/home/mario/OpenCV_VC/ros_ws/src/sllidar_ros2/sdk/src/sl_lidar_driver.cpp:[m[K In member function ‘[01m[Ku_result sl::SlamtecLidarDriver::getScanModeCount(sl_u16&, sl_u32)[m[K’:
[15.744s] [01m[K/home/mario/OpenCV_VC/ros_ws/src/sllidar_ros2/sdk/src/sl_lidar_driver.cpp:1199:61:[m[K [01;35m[Kwarning: [m[Kunused parameter ‘[01m[KtimeoutInMs[m[K’ [[01;35m[K-Wunused-parameter[m[K]
[15.744s]  1199 |         u_result getScanModeCount(sl_u16& modeCount, [01;35m[Ksl_u32 timeoutInMs = DEFAULT_TIMEOUT[m[K)
[15.744s]       |                                                      [01;35m[K~~~~~~~^~~~~~~~~~~~~~~~~~~~~~~~~~~~~[m[K
[15.744s] /home/mario/OpenCV_VC/ros_ws/src/sllidar_ros2/sdk/src/sl_lidar_driver.cpp: In instantiation of ‘[01m[Kvoid sl::RawSampleNodeHolder<T>::pushNode(_u64, const T*) [with T = sl_lidar_response_measurement_node_hq_t; _u64 = long unsigned int][m[K’:
[15.744s] [01m[K/home/mario/OpenCV_VC/ros_ws/src/sllidar_ros2/sdk/src/sl_lidar_driver.cpp:1648:42:[m[K   required from here
[15.744s] [01m[K/home/mario/OpenCV_VC/ros_ws/src/sllidar_ros2/sdk/src/sl_lidar_driver.cpp:202:28:[m[K [01;35m[Kwarning: [m[Kunused parameter ‘[01m[Ktimestamp_uS[m[K’ [[01;35m[K-Wunused-parameter[m[K]
[15.744s]   202 |         void pushNode([01;35m[K_u64 timestamp_uS[m[K, const T* node)
[15.744s]       |                       [01;35m[K~~~~~^~~~~~~~~~~~[m[K
[15.744s] [01m[K/home/mario/OpenCV_VC/ros_ws/src/sllidar_ros2/sdk/src/sl_lidar_driver.cpp:[m[K At global scope:
[15.744s] [01m[K/home/mario/OpenCV_VC/ros_ws/src/sllidar_ros2/sdk/src/sl_lidar_driver.cpp:83:17:[m[K [01;35m[Kwarning: [m[K‘[01m[Kvoid sl::convert(const sl_lidar_response_measurement_node_hq_t&, sl_lidar_response_measurement_node_t&)[m[K’ defined but not used [[01;35m[K-Wunused-function[m[K]
[15.745s]    83 |     static void [01;35m[Kconvert[m[K(const sl_lidar_response_measurement_node_hq_t& from, sl_lidar_response_measurement_node_t& to)
[15.745s]       |                 [01;35m[K^~~~~~~[m[K
[15.745s] [01m[K/home/mario/OpenCV_VC/ros_ws/src/sllidar_ros2/sdk/src/sl_lidar_driver.cpp:75:17:[m[K [01;35m[Kwarning: [m[K‘[01m[Kvoid sl::convert(const sl_lidar_response_measurement_node_t&, sl_lidar_response_measurement_node_hq_t&)[m[K’ defined but not used [[01;35m[K-Wunused-function[m[K]
[15.745s]    75 |     static void [01;35m[Kconvert[m[K(const sl_lidar_response_measurement_node_t& from, sl_lidar_response_measurement_node_hq_t& to)
[15.745s]       |                 [01;35m[K^~~~~~~[m[K
[15.745s] [01m[K/home/mario/OpenCV_VC/ros_ws/src/sllidar_ros2/sdk/src/sl_lidar_driver.cpp:70:17:[m[K [01;35m[Kwarning: [m[K‘[01m[Kvoid sl::printDeprecationWarn(const char*, const char*)[m[K’ defined but not used [[01;35m[K-Wunused-function[m[K]
[15.745s]    70 |     static void [01;35m[KprintDeprecationWarn[m[K(const char* fn, const char* replacement)
[15.745s]       |                 [01;35m[K^~~~~~~~~~~~~~~~~~~~[m[K
[21.297s] In file included from [01m[K/home/mario/OpenCV_VC/ros_ws/src/sllidar_ros2/./sdk/include/sl_lidar_cmd.h:41[m[K,
[21.297s]                  from [01m[K/home/mario/OpenCV_VC/ros_ws/src/sllidar_ros2/./sdk/include/sl_lidar_driver.h:54[m[K,
[21.297s]                  from [01m[K/home/mario/OpenCV_VC/ros_ws/src/sllidar_ros2/./sdk/include/sl_lidar.h:36[m[K,
[21.297s]                  from [01m[K/home/mario/OpenCV_VC/ros_ws/src/sllidar_ros2/src/sllidar_node.cpp:38[m[K:
[21.297s] [01m[K/home/mario/OpenCV_VC/ros_ws/src/sllidar_ros2/./sdk/include/sl_lidar_protocol.h:66:16:[m[K [01;35m[Kwarning: [m[KISO C++ forbids zero-size array ‘[01m[Kdata[m[K’ [[01;35m[K-Wpedantic[m[K]
[21.297s]    66 |     sl_u8 data[[01;35m[K0[m[K];
[21.298s]       |                [01;35m[K^[m[K
[21.298s] In file included from [01m[K/home/mario/OpenCV_VC/ros_ws/src/sllidar_ros2/./sdk/include/sl_lidar_driver.h:54[m[K,
[21.298s]                  from [01m[K/home/mario/OpenCV_VC/ros_ws/src/sllidar_ros2/./sdk/include/sl_lidar.h:36[m[K,
[21.298s]                  from [01m[K/home/mario/OpenCV_VC/ros_ws/src/sllidar_ros2/src/sllidar_node.cpp:38[m[K:
[21.298s] [01m[K/home/mario/OpenCV_VC/ros_ws/src/sllidar_ros2/./sdk/include/sl_lidar_cmd.h:324:20:[m[K [01;35m[Kwarning: [m[KISO C++ forbids zero-size array ‘[01m[Kpayload[m[K’ [[01;35m[K-Wpedantic[m[K]
[21.298s]   324 |     sl_u8  payload[[01;35m[K0[m[K];
[21.298s]       |                    [01;35m[K^[m[K
[21.312s] [ 95%] [32m[1mLinking CXX executable sllidar_node[0m
[22.108s] [ 95%] Built target sllidar_node
[25.674s] [100%] [32m[1mLinking CXX executable sllidar_client[0m
[26.539s] [100%] Built target sllidar_client
[26.554s] Invoked command in '/home/mario/OpenCV_VC/ros_ws/build/sllidar_ros2' returned '0': CMAKE_PREFIX_PATH=/opt/ros/humble /usr/bin/cmake --build /home/mario/OpenCV_VC/ros_ws/build/sllidar_ros2 -- -j12 -l12
[26.567s] Invoking command in '/home/mario/OpenCV_VC/ros_ws/build/sllidar_ros2': CMAKE_PREFIX_PATH=/opt/ros/humble /usr/bin/cmake --install /home/mario/OpenCV_VC/ros_ws/build/sllidar_ros2
[26.573s] -- Install configuration: ""
[26.574s] -- Execute custom install script
[26.577s] -- Symlinking: /home/mario/OpenCV_VC/ros_ws/install/sllidar_ros2/share/sllidar_ros2/launch/sllidar_a1_launch.py
[26.588s] -- Symlinking: /home/mario/OpenCV_VC/ros_ws/install/sllidar_ros2/share/sllidar_ros2/launch/sllidar_a2m12_launch .py
[26.599s] -- Symlinking: /home/mario/OpenCV_VC/ros_ws/install/sllidar_ros2/share/sllidar_ros2/launch/sllidar_a2m7_launch.py
[26.608s] -- Symlinking: /home/mario/OpenCV_VC/ros_ws/install/sllidar_ros2/share/sllidar_ros2/launch/sllidar_a2m8_launch.py
[26.616s] -- Symlinking: /home/mario/OpenCV_VC/ros_ws/install/sllidar_ros2/share/sllidar_ros2/launch/sllidar_a3_launch.py
[26.624s] -- Symlinking: /home/mario/OpenCV_VC/ros_ws/install/sllidar_ros2/share/sllidar_ros2/launch/sllidar_c1_launch.py
[26.634s] -- Symlinking: /home/mario/OpenCV_VC/ros_ws/install/sllidar_ros2/share/sllidar_ros2/launch/sllidar_s1_launch.py
[26.648s] -- Symlinking: /home/mario/OpenCV_VC/ros_ws/install/sllidar_ros2/share/sllidar_ros2/launch/sllidar_s1_tcp_launch.py
[26.658s] -- Symlinking: /home/mario/OpenCV_VC/ros_ws/install/sllidar_ros2/share/sllidar_ros2/launch/sllidar_s2_launch.py
[26.666s] -- Symlinking: /home/mario/OpenCV_VC/ros_ws/install/sllidar_ros2/share/sllidar_ros2/launch/sllidar_s2e_launch.py
[26.675s] -- Symlinking: /home/mario/OpenCV_VC/ros_ws/install/sllidar_ros2/share/sllidar_ros2/launch/sllidar_s3_launch.py
[26.686s] -- Symlinking: /home/mario/OpenCV_VC/ros_ws/install/sllidar_ros2/share/sllidar_ros2/launch/sllidar_t1_launch.py
[26.696s] -- Symlinking: /home/mario/OpenCV_VC/ros_ws/install/sllidar_ros2/share/sllidar_ros2/launch/view_sllidar_a1_launch.py
[26.704s] -- Symlinking: /home/mario/OpenCV_VC/ros_ws/install/sllidar_ros2/share/sllidar_ros2/launch/view_sllidar_a2m12_launch.py
[26.712s] -- Symlinking: /home/mario/OpenCV_VC/ros_ws/install/sllidar_ros2/share/sllidar_ros2/launch/view_sllidar_a2m7_launch.py
[26.722s] -- Symlinking: /home/mario/OpenCV_VC/ros_ws/install/sllidar_ros2/share/sllidar_ros2/launch/view_sllidar_a2m8_launch.py
[26.734s] -- Symlinking: /home/mario/OpenCV_VC/ros_ws/install/sllidar_ros2/share/sllidar_ros2/launch/view_sllidar_a3_launch.py
[26.745s] -- Symlinking: /home/mario/OpenCV_VC/ros_ws/install/sllidar_ros2/share/sllidar_ros2/launch/view_sllidar_c1_launch.py
[26.759s] -- Symlinking: /home/mario/OpenCV_VC/ros_ws/install/sllidar_ros2/share/sllidar_ros2/launch/view_sllidar_s1_launch.py
[26.772s] -- Symlinking: /home/mario/OpenCV_VC/ros_ws/install/sllidar_ros2/share/sllidar_ros2/launch/view_sllidar_s1_tcp_launch.py
[26.784s] -- Symlinking: /home/mario/OpenCV_VC/ros_ws/install/sllidar_ros2/share/sllidar_ros2/launch/view_sllidar_s2_launch.py
[26.795s] -- Symlinking: /home/mario/OpenCV_VC/ros_ws/install/sllidar_ros2/share/sllidar_ros2/launch/view_sllidar_s2e_launch.py
[26.809s] -- Symlinking: /home/mario/OpenCV_VC/ros_ws/install/sllidar_ros2/share/sllidar_ros2/launch/view_sllidar_s3_launch.py
[26.821s] -- Symlinking: /home/mario/OpenCV_VC/ros_ws/install/sllidar_ros2/share/sllidar_ros2/launch/view_sllidar_t1_launch.py
[26.833s] -- Symlinking: /home/mario/OpenCV_VC/ros_ws/install/sllidar_ros2/share/sllidar_ros2/rviz/sllidar_ros2.rviz
[26.844s] -- Symlinking: /home/mario/OpenCV_VC/ros_ws/install/sllidar_ros2/lib/sllidar_ros2/sllidar_node
[26.857s] -- Symlinking: /home/mario/OpenCV_VC/ros_ws/install/sllidar_ros2/lib/sllidar_ros2/sllidar_client
[26.868s] -- Symlinking: /home/mario/OpenCV_VC/ros_ws/install/sllidar_ros2/share/ament_index/resource_index/package_run_dependencies/sllidar_ros2
[26.878s] -- Symlinking: /home/mario/OpenCV_VC/ros_ws/install/sllidar_ros2/share/ament_index/resource_index/parent_prefix_path/sllidar_ros2
[26.888s] -- Symlinking: /home/mario/OpenCV_VC/ros_ws/install/sllidar_ros2/share/sllidar_ros2/environment/ament_prefix_path.sh
[26.898s] -- Symlinking: /home/mario/OpenCV_VC/ros_ws/install/sllidar_ros2/share/sllidar_ros2/environment/ament_prefix_path.dsv
[26.908s] -- Symlinking: /home/mario/OpenCV_VC/ros_ws/install/sllidar_ros2/share/sllidar_ros2/environment/path.sh
[26.916s] -- Symlinking: /home/mario/OpenCV_VC/ros_ws/install/sllidar_ros2/share/sllidar_ros2/environment/path.dsv
[26.925s] -- Symlinking: /home/mario/OpenCV_VC/ros_ws/install/sllidar_ros2/share/sllidar_ros2/local_setup.bash
[26.932s] -- Symlinking: /home/mario/OpenCV_VC/ros_ws/install/sllidar_ros2/share/sllidar_ros2/local_setup.sh
[26.940s] -- Symlinking: /home/mario/OpenCV_VC/ros_ws/install/sllidar_ros2/share/sllidar_ros2/local_setup.zsh
[26.948s] -- Symlinking: /home/mario/OpenCV_VC/ros_ws/install/sllidar_ros2/share/sllidar_ros2/local_setup.dsv
[26.957s] -- Symlinking: /home/mario/OpenCV_VC/ros_ws/install/sllidar_ros2/share/sllidar_ros2/package.dsv
[26.965s] -- Symlinking: /home/mario/OpenCV_VC/ros_ws/install/sllidar_ros2/share/ament_index/resource_index/packages/sllidar_ros2
[26.974s] -- Symlinking: /home/mario/OpenCV_VC/ros_ws/install/sllidar_ros2/share/sllidar_ros2/cmake/ament_cmake_export_dependencies-extras.cmake
[26.982s] -- Symlinking: /home/mario/OpenCV_VC/ros_ws/install/sllidar_ros2/share/sllidar_ros2/cmake/ament_cmake_export_include_directories-extras.cmake
[26.990s] -- Symlinking: /home/mario/OpenCV_VC/ros_ws/install/sllidar_ros2/share/sllidar_ros2/cmake/sllidar_ros2Config.cmake
[27.000s] -- Symlinking: /home/mario/OpenCV_VC/ros_ws/install/sllidar_ros2/share/sllidar_ros2/cmake/sllidar_ros2Config-version.cmake
[27.008s] -- Symlinking: /home/mario/OpenCV_VC/ros_ws/install/sllidar_ros2/share/sllidar_ros2/package.xml
[27.019s] Invoked command in '/home/mario/OpenCV_VC/ros_ws/build/sllidar_ros2' returned '0': CMAKE_PREFIX_PATH=/opt/ros/humble /usr/bin/cmake --install /home/mario/OpenCV_VC/ros_ws/build/sllidar_ros2
