running egg_info
creating ../../build/slam_pkg/slam_pkg.egg-info
writing ../../build/slam_pkg/slam_pkg.egg-info/PKG-INFO
writing dependency_links to ../../build/slam_pkg/slam_pkg.egg-info/dependency_links.txt
writing requirements to ../../build/slam_pkg/slam_pkg.egg-info/requires.txt
writing top-level names to ../../build/slam_pkg/slam_pkg.egg-info/top_level.txt
writing manifest file '../../build/slam_pkg/slam_pkg.egg-info/SOURCES.txt'
reading manifest file '../../build/slam_pkg/slam_pkg.egg-info/SOURCES.txt'
writing manifest file '../../build/slam_pkg/slam_pkg.egg-info/SOURCES.txt'
running build
running build_py
creating /home/mario/OpenCV_VC/ros_ws/build/slam_pkg/build
creating /home/mario/OpenCV_VC/ros_ws/build/slam_pkg/build/lib
creating /home/mario/OpenCV_VC/ros_ws/build/slam_pkg/build/lib/slam_pkg
copying slam_pkg/__init__.py -> /home/mario/OpenCV_VC/ros_ws/build/slam_pkg/build/lib/slam_pkg
running install
running install_lib
creating /home/mario/OpenCV_VC/ros_ws/install/slam_pkg/lib/python3.10/site-packages/slam_pkg
copying /home/mario/OpenCV_VC/ros_ws/build/slam_pkg/build/lib/slam_pkg/__init__.py -> /home/mario/OpenCV_VC/ros_ws/install/slam_pkg/lib/python3.10/site-packages/slam_pkg
byte-compiling /home/mario/OpenCV_VC/ros_ws/install/slam_pkg/lib/python3.10/site-packages/slam_pkg/__init__.py to __init__.cpython-310.pyc
running install_data
creating /home/mario/OpenCV_VC/ros_ws/install/slam_pkg/share/ament_index
creating /home/mario/OpenCV_VC/ros_ws/install/slam_pkg/share/ament_index/resource_index
creating /home/mario/OpenCV_VC/ros_ws/install/slam_pkg/share/ament_index/resource_index/packages
copying resource/slam_pkg -> /home/mario/OpenCV_VC/ros_ws/install/slam_pkg/share/ament_index/resource_index/packages
copying package.xml -> /home/mario/OpenCV_VC/ros_ws/install/slam_pkg/share/slam_pkg
running install_egg_info
Copying ../../build/slam_pkg/slam_pkg.egg-info to /home/mario/OpenCV_VC/ros_ws/install/slam_pkg/lib/python3.10/site-packages/slam_pkg-0.0.0-py3.10.egg-info
running install_scripts
writing list of installed files to '/home/mario/OpenCV_VC/ros_ws/build/slam_pkg/install.log'
