[1.918s] Invoking command in '/home/mario/OpenCV_VC/ros_ws/src/slam_pkg': PYTHONPATH=/home/mario/OpenCV_VC/ros_ws/build/slam_pkg/prefix_override:/usr/lib/python3/dist-packages/colcon_core/task/python/colcon_distutils_commands:/home/mario/OpenCV_VC/ros_ws/install/slam_pkg/lib/python3.10/site-packages:${PYTHONPATH} /usr/bin/python3 -W ignore:setup.py install is deprecated -W ignore:easy_install command is deprecated setup.py egg_info --egg-base ../../build/slam_pkg build --build-base /home/mario/OpenCV_VC/ros_ws/build/slam_pkg/build install --record /home/mario/OpenCV_VC/ros_ws/build/slam_pkg/install.log --single-version-externally-managed install_data
[2.126s] running egg_info
[2.127s] creating ../../build/slam_pkg/slam_pkg.egg-info
[2.138s] writing ../../build/slam_pkg/slam_pkg.egg-info/PKG-INFO
[2.139s] writing dependency_links to ../../build/slam_pkg/slam_pkg.egg-info/dependency_links.txt
[2.140s] writing requirements to ../../build/slam_pkg/slam_pkg.egg-info/requires.txt
[2.141s] writing top-level names to ../../build/slam_pkg/slam_pkg.egg-info/top_level.txt
[2.141s] writing manifest file '../../build/slam_pkg/slam_pkg.egg-info/SOURCES.txt'
[2.166s] reading manifest file '../../build/slam_pkg/slam_pkg.egg-info/SOURCES.txt'
[2.167s] writing manifest file '../../build/slam_pkg/slam_pkg.egg-info/SOURCES.txt'
[2.168s] running build
[2.168s] running build_py
[2.168s] creating /home/mario/OpenCV_VC/ros_ws/build/slam_pkg/build
[2.169s] creating /home/mario/OpenCV_VC/ros_ws/build/slam_pkg/build/lib
[2.170s] creating /home/mario/OpenCV_VC/ros_ws/build/slam_pkg/build/lib/slam_pkg
[2.173s] copying slam_pkg/__init__.py -> /home/mario/OpenCV_VC/ros_ws/build/slam_pkg/build/lib/slam_pkg
[2.173s] running install
[2.178s] running install_lib
[2.190s] creating /home/mario/OpenCV_VC/ros_ws/install/slam_pkg/lib/python3.10/site-packages/slam_pkg
[2.191s] copying /home/mario/OpenCV_VC/ros_ws/build/slam_pkg/build/lib/slam_pkg/__init__.py -> /home/mario/OpenCV_VC/ros_ws/install/slam_pkg/lib/python3.10/site-packages/slam_pkg
[2.192s] byte-compiling /home/mario/OpenCV_VC/ros_ws/install/slam_pkg/lib/python3.10/site-packages/slam_pkg/__init__.py to __init__.cpython-310.pyc
[2.194s] running install_data
[2.194s] creating /home/mario/OpenCV_VC/ros_ws/install/slam_pkg/share/ament_index
[2.194s] creating /home/mario/OpenCV_VC/ros_ws/install/slam_pkg/share/ament_index/resource_index
[2.195s] creating /home/mario/OpenCV_VC/ros_ws/install/slam_pkg/share/ament_index/resource_index/packages
[2.196s] copying resource/slam_pkg -> /home/mario/OpenCV_VC/ros_ws/install/slam_pkg/share/ament_index/resource_index/packages
[2.197s] copying package.xml -> /home/mario/OpenCV_VC/ros_ws/install/slam_pkg/share/slam_pkg
[2.197s] running install_egg_info
[2.210s] Copying ../../build/slam_pkg/slam_pkg.egg-info to /home/mario/OpenCV_VC/ros_ws/install/slam_pkg/lib/python3.10/site-packages/slam_pkg-0.0.0-py3.10.egg-info
[2.212s] running install_scripts
[2.339s] writing list of installed files to '/home/mario/OpenCV_VC/ros_ws/build/slam_pkg/install.log'
[2.366s] Invoked command in '/home/mario/OpenCV_VC/ros_ws/src/slam_pkg' returned '0': PYTHONPATH=/home/mario/OpenCV_VC/ros_ws/build/slam_pkg/prefix_override:/usr/lib/python3/dist-packages/colcon_core/task/python/colcon_distutils_commands:/home/mario/OpenCV_VC/ros_ws/install/slam_pkg/lib/python3.10/site-packages:${PYTHONPATH} /usr/bin/python3 -W ignore:setup.py install is deprecated -W ignore:easy_install command is deprecated setup.py egg_info --egg-base ../../build/slam_pkg build --build-base /home/mario/OpenCV_VC/ros_ws/build/slam_pkg/build install --record /home/mario/OpenCV_VC/ros_ws/build/slam_pkg/install.log --single-version-externally-managed install_data
