[0.730s] Invoking command in '/home/user/vc_ws/ros_ws/build/lidar_slam_pkg': PYTHONPATH=/home/user/vc_ws/ros_ws/build/lidar_slam_pkg/prefix_override:/usr/lib/python3/dist-packages/colcon_core/task/python/colcon_distutils_commands:/home/user/vc_ws/ros_ws/install/lidar_slam_pkg/lib/python3.10/site-packages:${PYTHONPATH} /usr/bin/python3 -W ignore:setup.py install is deprecated -W ignore:easy_install command is deprecated setup.py develop --editable --build-directory /home/user/vc_ws/ros_ws/build/lidar_slam_pkg/build --no-deps symlink_data
[0.985s] running develop
[1.110s] running egg_info
[1.111s] creating control_pkg.egg-info
[1.111s] writing control_pkg.egg-info/PKG-INFO
[1.112s] writing dependency_links to control_pkg.egg-info/dependency_links.txt
[1.115s] writing entry points to control_pkg.egg-info/entry_points.txt
[1.115s] writing requirements to control_pkg.egg-info/requires.txt
[1.115s] writing top-level names to control_pkg.egg-info/top_level.txt
[1.115s] writing manifest file 'control_pkg.egg-info/SOURCES.txt'
[1.117s] reading manifest file 'control_pkg.egg-info/SOURCES.txt'
[1.118s] writing manifest file 'control_pkg.egg-info/SOURCES.txt'
[1.120s] running build_ext
[1.120s] Creating /home/user/vc_ws/ros_ws/install/lidar_slam_pkg/lib/python3.10/site-packages/control-pkg.egg-link (link to .)
[1.121s] Installing closest_object script to /home/user/vc_ws/ros_ws/install/lidar_slam_pkg/lib/lidar_slam_pkg
[1.121s] 
[1.122s] Installed /home/user/vc_ws/ros_ws/build/lidar_slam_pkg
[1.122s] running symlink_data
[1.122s] error: can't copy '/home/user/vc_ws/ros_ws/build/lidar_slam_pkg/resource/control_pkg': doesn't exist or not a regular file
[1.149s] Invoked command in '/home/user/vc_ws/ros_ws/build/lidar_slam_pkg' returned '1': PYTHONPATH=/home/user/vc_ws/ros_ws/build/lidar_slam_pkg/prefix_override:/usr/lib/python3/dist-packages/colcon_core/task/python/colcon_distutils_commands:/home/user/vc_ws/ros_ws/install/lidar_slam_pkg/lib/python3.10/site-packages:${PYTHONPATH} /usr/bin/python3 -W ignore:setup.py install is deprecated -W ignore:easy_install command is deprecated setup.py develop --editable --build-directory /home/user/vc_ws/ros_ws/build/lidar_slam_pkg/build --no-deps symlink_data
