running develop
running egg_info
creating lidar_slam_pkg.egg-info
writing lidar_slam_pkg.egg-info/PKG-INFO
writing dependency_links to lidar_slam_pkg.egg-info/dependency_links.txt
writing entry points to lidar_slam_pkg.egg-info/entry_points.txt
writing requirements to lidar_slam_pkg.egg-info/requires.txt
writing top-level names to lidar_slam_pkg.egg-info/top_level.txt
writing manifest file 'lidar_slam_pkg.egg-info/SOURCES.txt'
reading manifest file 'lidar_slam_pkg.egg-info/SOURCES.txt'
writing manifest file 'lidar_slam_pkg.egg-info/SOURCES.txt'
running build_ext
Creating /home/mario/OpenCV_VC/ros_ws/install/lidar_slam_pkg/lib/python3.10/site-packages/lidar-slam-pkg.egg-link (link to .)
Installing slam_node script to /home/mario/OpenCV_VC/ros_ws/install/lidar_slam_pkg/lib/lidar_slam_pkg

Installed /home/mario/OpenCV_VC/ros_ws/build/lidar_slam_pkg
running symlink_data
creating /home/mario/OpenCV_VC/ros_ws/install/lidar_slam_pkg/share/ament_index
creating /home/mario/OpenCV_VC/ros_ws/install/lidar_slam_pkg/share/ament_index/resource_index
creating /home/mario/OpenCV_VC/ros_ws/install/lidar_slam_pkg/share/ament_index/resource_index/packages
symbolically linking /home/mario/OpenCV_VC/ros_ws/build/lidar_slam_pkg/resource/lidar_slam_pkg -> /home/mario/OpenCV_VC/ros_ws/install/lidar_slam_pkg/share/ament_index/resource_index/packages
symbolically linking /home/mario/OpenCV_VC/ros_ws/build/lidar_slam_pkg/package.xml -> /home/mario/OpenCV_VC/ros_ws/install/lidar_slam_pkg/share/lidar_slam_pkg
