[0.729s] Invoking command in '/home/mario/OpenCV_VC/ros_ws/build/lidar_slam_pkg': PYTHONPATH=/home/mario/OpenCV_VC/ros_ws/build/lidar_slam_pkg/prefix_override:/usr/lib/python3/dist-packages/colcon_core/task/python/colcon_distutils_commands:/home/mario/OpenCV_VC/ros_ws/install/lidar_slam_pkg/lib/python3.10/site-packages:${PYTHONPATH} /usr/bin/python3 -W ignore:setup.py install is deprecated -W ignore:easy_install command is deprecated setup.py develop --editable --build-directory /home/mario/OpenCV_VC/ros_ws/build/lidar_slam_pkg/build --no-deps symlink_data
[0.891s] running develop
[0.981s] running egg_info
[0.981s] creating lidar_slam_pkg.egg-info
[0.988s] writing lidar_slam_pkg.egg-info/PKG-INFO
[0.988s] writing dependency_links to lidar_slam_pkg.egg-info/dependency_links.txt
[0.988s] writing entry points to lidar_slam_pkg.egg-info/entry_points.txt
[0.989s] writing requirements to lidar_slam_pkg.egg-info/requires.txt
[0.989s] writing top-level names to lidar_slam_pkg.egg-info/top_level.txt
[0.989s] writing manifest file 'lidar_slam_pkg.egg-info/SOURCES.txt'
[1.003s] reading manifest file 'lidar_slam_pkg.egg-info/SOURCES.txt'
[1.003s] writing manifest file 'lidar_slam_pkg.egg-info/SOURCES.txt'
[1.014s] running build_ext
[1.016s] Creating /home/mario/OpenCV_VC/ros_ws/install/lidar_slam_pkg/lib/python3.10/site-packages/lidar-slam-pkg.egg-link (link to .)
[1.016s] Installing slam_node script to /home/mario/OpenCV_VC/ros_ws/install/lidar_slam_pkg/lib/lidar_slam_pkg
[1.017s] 
[1.017s] Installed /home/mario/OpenCV_VC/ros_ws/build/lidar_slam_pkg
[1.017s] running symlink_data
[1.017s] creating /home/mario/OpenCV_VC/ros_ws/install/lidar_slam_pkg/share/ament_index
[1.017s] creating /home/mario/OpenCV_VC/ros_ws/install/lidar_slam_pkg/share/ament_index/resource_index
[1.017s] creating /home/mario/OpenCV_VC/ros_ws/install/lidar_slam_pkg/share/ament_index/resource_index/packages
[1.017s] symbolically linking /home/mario/OpenCV_VC/ros_ws/build/lidar_slam_pkg/resource/lidar_slam_pkg -> /home/mario/OpenCV_VC/ros_ws/install/lidar_slam_pkg/share/ament_index/resource_index/packages
[1.018s] symbolically linking /home/mario/OpenCV_VC/ros_ws/build/lidar_slam_pkg/package.xml -> /home/mario/OpenCV_VC/ros_ws/install/lidar_slam_pkg/share/lidar_slam_pkg
[1.041s] Invoked command in '/home/mario/OpenCV_VC/ros_ws/build/lidar_slam_pkg' returned '0': PYTHONPATH=/home/mario/OpenCV_VC/ros_ws/build/lidar_slam_pkg/prefix_override:/usr/lib/python3/dist-packages/colcon_core/task/python/colcon_distutils_commands:/home/mario/OpenCV_VC/ros_ws/install/lidar_slam_pkg/lib/python3.10/site-packages:${PYTHONPATH} /usr/bin/python3 -W ignore:setup.py install is deprecated -W ignore:easy_install command is deprecated setup.py develop --editable --build-directory /home/mario/OpenCV_VC/ros_ws/build/lidar_slam_pkg/build --no-deps symlink_data
