[0.542s] DEBUG:colcon:Command line arguments: ['/usr/bin/colcon', 'build', '--symlink-install']
[0.542s] DEBUG:colcon:Parsed command line arguments: Namespace(log_base=None, log_level=None, verb_name='build', build_base='build', install_base='install', merge_install=False, symlink_install=True, test_result_base=None, continue_on_error=False, executor='parallel', parallel_workers=12, event_handlers=None, ignore_user_meta=False, metas=['./colcon.meta'], base_paths=['.'], packages_ignore=None, packages_ignore_regex=None, paths=None, packages_up_to=None, packages_up_to_regex=None, packages_above=None, packages_above_and_dependencies=None, packages_above_depth=None, packages_select_by_dep=None, packages_skip_by_dep=None, packages_skip_up_to=None, packages_select_build_failed=False, packages_skip_build_finished=False, packages_select_test_failures=False, packages_skip_test_passed=False, packages_select=None, packages_skip=None, packages_select_regex=None, packages_skip_regex=None, packages_start=None, packages_end=None, allow_overriding=[], cmake_args=None, cmake_target=None, cmake_target_skip_unavailable=False, cmake_clean_cache=False, cmake_clean_first=False, cmake_force_configure=False, ament_cmake_args=None, catkin_cmake_args=None, catkin_skip_building_tests=False, mixin_files=None, mixin=None, verb_parser=<colcon_mixin.mixin.mixin_argument.MixinArgumentDecorator object at 0x7fdcadeae2c0>, verb_extension=<colcon_core.verb.build.BuildVerb object at 0x7fdcadeadcc0>, main=<bound method BuildVerb.main of <colcon_core.verb.build.BuildVerb object at 0x7fdcadeadcc0>>, mixin_verb=('build',))
[0.655s] Level 1:colcon.colcon_core.package_discovery:discover_packages(colcon_meta) check parameters
[0.655s] Level 1:colcon.colcon_core.package_discovery:discover_packages(recursive) check parameters
[0.655s] Level 1:colcon.colcon_core.package_discovery:discover_packages(ignore) check parameters
[0.655s] Level 1:colcon.colcon_core.package_discovery:discover_packages(path) check parameters
[0.655s] Level 1:colcon.colcon_core.package_discovery:discover_packages(colcon_meta) discover
[0.655s] Level 1:colcon.colcon_core.package_discovery:discover_packages(recursive) discover
[0.655s] INFO:colcon.colcon_core.package_discovery:Crawling recursively for packages in '/home/mario/OpenCV_VC/ros_ws'
[0.655s] Level 1:colcon.colcon_core.package_identification:_identify(.) by extensions ['ignore', 'ignore_ament_install']
[0.656s] Level 1:colcon.colcon_core.package_identification:_identify(.) by extension 'ignore'
[0.656s] Level 1:colcon.colcon_core.package_identification:_identify(.) by extension 'ignore_ament_install'
[0.656s] Level 1:colcon.colcon_core.package_identification:_identify(.) by extensions ['colcon_pkg']
[0.656s] Level 1:colcon.colcon_core.package_identification:_identify(.) by extension 'colcon_pkg'
[0.656s] Level 1:colcon.colcon_core.package_identification:_identify(.) by extensions ['colcon_meta']
[0.656s] Level 1:colcon.colcon_core.package_identification:_identify(.) by extension 'colcon_meta'
[0.656s] Level 1:colcon.colcon_core.package_identification:_identify(.) by extensions ['ros']
[0.656s] Level 1:colcon.colcon_core.package_identification:_identify(.) by extension 'ros'
[0.693s] Level 1:colcon.colcon_core.package_identification:_identify(.) by extensions ['cmake', 'python']
[0.693s] Level 1:colcon.colcon_core.package_identification:_identify(.) by extension 'cmake'
[0.693s] Level 1:colcon.colcon_core.package_identification:_identify(.) by extension 'python'
[0.693s] Level 1:colcon.colcon_core.package_identification:_identify(.) by extensions ['python_setup_py']
[0.693s] Level 1:colcon.colcon_core.package_identification:_identify(.) by extension 'python_setup_py'
[0.694s] Level 1:colcon.colcon_core.package_identification:_identify(build) by extensions ['ignore', 'ignore_ament_install']
[0.694s] Level 1:colcon.colcon_core.package_identification:_identify(build) by extension 'ignore'
[0.694s] Level 1:colcon.colcon_core.package_identification:_identify(build) ignored
[0.694s] Level 1:colcon.colcon_core.package_identification:_identify(install) by extensions ['ignore', 'ignore_ament_install']
[0.695s] Level 1:colcon.colcon_core.package_identification:_identify(install) by extension 'ignore'
[0.695s] Level 1:colcon.colcon_core.package_identification:_identify(install) ignored
[0.695s] Level 1:colcon.colcon_core.package_identification:_identify(log) by extensions ['ignore', 'ignore_ament_install']
[0.695s] Level 1:colcon.colcon_core.package_identification:_identify(log) by extension 'ignore'
[0.695s] Level 1:colcon.colcon_core.package_identification:_identify(log) ignored
[0.695s] Level 1:colcon.colcon_core.package_identification:_identify(src) by extensions ['ignore', 'ignore_ament_install']
[0.695s] Level 1:colcon.colcon_core.package_identification:_identify(src) by extension 'ignore'
[0.695s] Level 1:colcon.colcon_core.package_identification:_identify(src) by extension 'ignore_ament_install'
[0.695s] Level 1:colcon.colcon_core.package_identification:_identify(src) by extensions ['colcon_pkg']
[0.696s] Level 1:colcon.colcon_core.package_identification:_identify(src) by extension 'colcon_pkg'
[0.696s] Level 1:colcon.colcon_core.package_identification:_identify(src) by extensions ['colcon_meta']
[0.696s] Level 1:colcon.colcon_core.package_identification:_identify(src) by extension 'colcon_meta'
[0.696s] Level 1:colcon.colcon_core.package_identification:_identify(src) by extensions ['ros']
[0.696s] Level 1:colcon.colcon_core.package_identification:_identify(src) by extension 'ros'
[0.696s] Level 1:colcon.colcon_core.package_identification:_identify(src) by extensions ['cmake', 'python']
[0.696s] Level 1:colcon.colcon_core.package_identification:_identify(src) by extension 'cmake'
[0.696s] Level 1:colcon.colcon_core.package_identification:_identify(src) by extension 'python'
[0.696s] Level 1:colcon.colcon_core.package_identification:_identify(src) by extensions ['python_setup_py']
[0.696s] Level 1:colcon.colcon_core.package_identification:_identify(src) by extension 'python_setup_py'
[0.696s] Level 1:colcon.colcon_core.package_identification:_identify(src/lidar_slam_pkg) by extensions ['ignore', 'ignore_ament_install']
[0.696s] Level 1:colcon.colcon_core.package_identification:_identify(src/lidar_slam_pkg) by extension 'ignore'
[0.697s] Level 1:colcon.colcon_core.package_identification:_identify(src/lidar_slam_pkg) by extension 'ignore_ament_install'
[0.697s] Level 1:colcon.colcon_core.package_identification:_identify(src/lidar_slam_pkg) by extensions ['colcon_pkg']
[0.697s] Level 1:colcon.colcon_core.package_identification:_identify(src/lidar_slam_pkg) by extension 'colcon_pkg'
[0.697s] Level 1:colcon.colcon_core.package_identification:_identify(src/lidar_slam_pkg) by extensions ['colcon_meta']
[0.697s] Level 1:colcon.colcon_core.package_identification:_identify(src/lidar_slam_pkg) by extension 'colcon_meta'
[0.697s] Level 1:colcon.colcon_core.package_identification:_identify(src/lidar_slam_pkg) by extensions ['ros']
[0.697s] Level 1:colcon.colcon_core.package_identification:_identify(src/lidar_slam_pkg) by extension 'ros'
[0.702s] DEBUG:colcon.colcon_core.package_identification:Package 'src/lidar_slam_pkg' with type 'ros.ament_python' and name 'lidar_slam_pkg'
[0.702s] Level 1:colcon.colcon_core.package_identification:_identify(src/sllidar_ros2) by extensions ['ignore', 'ignore_ament_install']
[0.702s] Level 1:colcon.colcon_core.package_identification:_identify(src/sllidar_ros2) by extension 'ignore'
[0.703s] Level 1:colcon.colcon_core.package_identification:_identify(src/sllidar_ros2) by extension 'ignore_ament_install'
[0.703s] Level 1:colcon.colcon_core.package_identification:_identify(src/sllidar_ros2) by extensions ['colcon_pkg']
[0.703s] Level 1:colcon.colcon_core.package_identification:_identify(src/sllidar_ros2) by extension 'colcon_pkg'
[0.703s] Level 1:colcon.colcon_core.package_identification:_identify(src/sllidar_ros2) by extensions ['colcon_meta']
[0.703s] Level 1:colcon.colcon_core.package_identification:_identify(src/sllidar_ros2) by extension 'colcon_meta'
[0.703s] Level 1:colcon.colcon_core.package_identification:_identify(src/sllidar_ros2) by extensions ['ros']
[0.703s] Level 1:colcon.colcon_core.package_identification:_identify(src/sllidar_ros2) by extension 'ros'
[0.703s] DEBUG:colcon.colcon_core.package_identification:Package 'src/sllidar_ros2' with type 'ros.ament_cmake' and name 'sllidar_ros2'
[0.703s] Level 1:colcon.colcon_core.package_discovery:discover_packages(recursive) using defaults
[0.703s] Level 1:colcon.colcon_core.package_discovery:discover_packages(ignore) discover
[0.703s] Level 1:colcon.colcon_core.package_discovery:discover_packages(ignore) using defaults
[0.703s] Level 1:colcon.colcon_core.package_discovery:discover_packages(path) discover
[0.703s] Level 1:colcon.colcon_core.package_discovery:discover_packages(path) using defaults
[0.750s] Level 1:colcon.colcon_core.package_discovery:discover_packages(prefix_path) check parameters
[0.750s] Level 1:colcon.colcon_core.package_discovery:discover_packages(prefix_path) discover
[0.757s] DEBUG:colcon.colcon_installed_package_information.package_discovery:Found 271 installed packages in /opt/ros/humble
[0.758s] Level 1:colcon.colcon_core.package_discovery:discover_packages(prefix_path) using defaults
[0.881s] Level 5:colcon.colcon_core.verb:set package 'lidar_slam_pkg' build argument 'cmake_args' from command line to 'None'
[0.881s] Level 5:colcon.colcon_core.verb:set package 'lidar_slam_pkg' build argument 'cmake_target' from command line to 'None'
[0.881s] Level 5:colcon.colcon_core.verb:set package 'lidar_slam_pkg' build argument 'cmake_target_skip_unavailable' from command line to 'False'
[0.881s] Level 5:colcon.colcon_core.verb:set package 'lidar_slam_pkg' build argument 'cmake_clean_cache' from command line to 'False'
[0.881s] Level 5:colcon.colcon_core.verb:set package 'lidar_slam_pkg' build argument 'cmake_clean_first' from command line to 'False'
[0.881s] Level 5:colcon.colcon_core.verb:set package 'lidar_slam_pkg' build argument 'cmake_force_configure' from command line to 'False'
[0.881s] Level 5:colcon.colcon_core.verb:set package 'lidar_slam_pkg' build argument 'ament_cmake_args' from command line to 'None'
[0.881s] Level 5:colcon.colcon_core.verb:set package 'lidar_slam_pkg' build argument 'catkin_cmake_args' from command line to 'None'
[0.881s] Level 5:colcon.colcon_core.verb:set package 'lidar_slam_pkg' build argument 'catkin_skip_building_tests' from command line to 'False'
[0.881s] DEBUG:colcon.colcon_core.verb:Building package 'lidar_slam_pkg' with the following arguments: {'ament_cmake_args': None, 'build_base': '/home/mario/OpenCV_VC/ros_ws/build/lidar_slam_pkg', 'catkin_cmake_args': None, 'catkin_skip_building_tests': False, 'cmake_args': None, 'cmake_clean_cache': False, 'cmake_clean_first': False, 'cmake_force_configure': False, 'cmake_target': None, 'cmake_target_skip_unavailable': False, 'install_base': '/home/mario/OpenCV_VC/ros_ws/install/lidar_slam_pkg', 'merge_install': False, 'path': '/home/mario/OpenCV_VC/ros_ws/src/lidar_slam_pkg', 'symlink_install': True, 'test_result_base': None}
[0.881s] Level 5:colcon.colcon_core.verb:set package 'sllidar_ros2' build argument 'cmake_args' from command line to 'None'
[0.881s] Level 5:colcon.colcon_core.verb:set package 'sllidar_ros2' build argument 'cmake_target' from command line to 'None'
[0.881s] Level 5:colcon.colcon_core.verb:set package 'sllidar_ros2' build argument 'cmake_target_skip_unavailable' from command line to 'False'
[0.881s] Level 5:colcon.colcon_core.verb:set package 'sllidar_ros2' build argument 'cmake_clean_cache' from command line to 'False'
[0.881s] Level 5:colcon.colcon_core.verb:set package 'sllidar_ros2' build argument 'cmake_clean_first' from command line to 'False'
[0.881s] Level 5:colcon.colcon_core.verb:set package 'sllidar_ros2' build argument 'cmake_force_configure' from command line to 'False'
[0.881s] Level 5:colcon.colcon_core.verb:set package 'sllidar_ros2' build argument 'ament_cmake_args' from command line to 'None'
[0.881s] Level 5:colcon.colcon_core.verb:set package 'sllidar_ros2' build argument 'catkin_cmake_args' from command line to 'None'
[0.881s] Level 5:colcon.colcon_core.verb:set package 'sllidar_ros2' build argument 'catkin_skip_building_tests' from command line to 'False'
[0.881s] DEBUG:colcon.colcon_core.verb:Building package 'sllidar_ros2' with the following arguments: {'ament_cmake_args': None, 'build_base': '/home/mario/OpenCV_VC/ros_ws/build/sllidar_ros2', 'catkin_cmake_args': None, 'catkin_skip_building_tests': False, 'cmake_args': None, 'cmake_clean_cache': False, 'cmake_clean_first': False, 'cmake_force_configure': False, 'cmake_target': None, 'cmake_target_skip_unavailable': False, 'install_base': '/home/mario/OpenCV_VC/ros_ws/install/sllidar_ros2', 'merge_install': False, 'path': '/home/mario/OpenCV_VC/ros_ws/src/sllidar_ros2', 'symlink_install': True, 'test_result_base': None}
[0.882s] INFO:colcon.colcon_core.executor:Executing jobs using 'parallel' executor
[0.884s] DEBUG:colcon.colcon_parallel_executor.executor.parallel:run_until_complete
[0.885s] INFO:colcon.colcon_ros.task.ament_python.build:Building ROS package in '/home/mario/OpenCV_VC/ros_ws/src/lidar_slam_pkg' with build type 'ament_python'
[0.885s] Level 1:colcon.colcon_core.shell:create_environment_hook('lidar_slam_pkg', 'ament_prefix_path')
[0.895s] INFO:colcon.colcon_core.plugin_system:Skipping extension 'colcon_core.shell.bat': Not used on non-Windows systems
[0.895s] INFO:colcon.colcon_core.shell:Creating environment hook '/home/mario/OpenCV_VC/ros_ws/install/lidar_slam_pkg/share/lidar_slam_pkg/hook/ament_prefix_path.ps1'
[0.897s] INFO:colcon.colcon_core.shell:Creating environment descriptor '/home/mario/OpenCV_VC/ros_ws/install/lidar_slam_pkg/share/lidar_slam_pkg/hook/ament_prefix_path.dsv'
[0.899s] INFO:colcon.colcon_core.shell:Creating environment hook '/home/mario/OpenCV_VC/ros_ws/install/lidar_slam_pkg/share/lidar_slam_pkg/hook/ament_prefix_path.sh'
[0.900s] INFO:colcon.colcon_core.shell:Skip shell extension 'powershell' for command environment: Not usable outside of PowerShell
[0.900s] DEBUG:colcon.colcon_core.shell:Skip shell extension 'dsv' for command environment
[0.905s] INFO:colcon.colcon_ros.task.ament_cmake.build:Building ROS package in '/home/mario/OpenCV_VC/ros_ws/src/sllidar_ros2' with build type 'ament_cmake'
[0.905s] INFO:colcon.colcon_cmake.task.cmake.build:Building CMake package in '/home/mario/OpenCV_VC/ros_ws/src/sllidar_ros2'
[0.905s] INFO:colcon.colcon_core.shell:Skip shell extension 'powershell' for command environment: Not usable outside of PowerShell
[0.905s] DEBUG:colcon.colcon_core.shell:Skip shell extension 'dsv' for command environment
[1.101s] INFO:colcon.colcon_core.task.python.build:Building Python package in '/home/mario/OpenCV_VC/ros_ws/src/lidar_slam_pkg'
[1.101s] INFO:colcon.colcon_core.shell:Skip shell extension 'powershell' for command environment: Not usable outside of PowerShell
[1.101s] DEBUG:colcon.colcon_core.shell:Skip shell extension 'dsv' for command environment
[1.108s] DEBUG:colcon.colcon_core.event_handler.log_command:Invoking command in '/home/mario/OpenCV_VC/ros_ws/build/sllidar_ros2': CMAKE_PREFIX_PATH=/opt/ros/humble /usr/bin/cmake /home/mario/OpenCV_VC/ros_ws/src/sllidar_ros2 -DAMENT_CMAKE_SYMLINK_INSTALL=1 -DCMAKE_INSTALL_PREFIX=/home/mario/OpenCV_VC/ros_ws/install/sllidar_ros2
[2.170s] DEBUG:colcon.colcon_core.event_handler.log_command:Invoking command in '/home/mario/OpenCV_VC/ros_ws/build/lidar_slam_pkg': PYTHONPATH=/home/mario/OpenCV_VC/ros_ws/build/lidar_slam_pkg/prefix_override:/usr/lib/python3/dist-packages/colcon_core/task/python/colcon_distutils_commands:/home/mario/OpenCV_VC/ros_ws/install/lidar_slam_pkg/lib/python3.10/site-packages:${PYTHONPATH} /usr/bin/python3 -W ignore:setup.py install is deprecated -W ignore:easy_install command is deprecated setup.py develop --editable --build-directory /home/mario/OpenCV_VC/ros_ws/build/lidar_slam_pkg/build --no-deps symlink_data
[2.794s] Level 1:colcon.colcon_core.shell:create_environment_hook('lidar_slam_pkg', 'pythonpath_develop')
[2.794s] DEBUG:colcon.colcon_core.event_handler.log_command:Invoked command in '/home/mario/OpenCV_VC/ros_ws/build/lidar_slam_pkg' returned '0': PYTHONPATH=/home/mario/OpenCV_VC/ros_ws/build/lidar_slam_pkg/prefix_override:/usr/lib/python3/dist-packages/colcon_core/task/python/colcon_distutils_commands:/home/mario/OpenCV_VC/ros_ws/install/lidar_slam_pkg/lib/python3.10/site-packages:${PYTHONPATH} /usr/bin/python3 -W ignore:setup.py install is deprecated -W ignore:easy_install command is deprecated setup.py develop --editable --build-directory /home/mario/OpenCV_VC/ros_ws/build/lidar_slam_pkg/build --no-deps symlink_data
[2.794s] INFO:colcon.colcon_core.shell:Creating environment hook '/home/mario/OpenCV_VC/ros_ws/build/lidar_slam_pkg/share/lidar_slam_pkg/hook/pythonpath_develop.ps1'
[2.795s] INFO:colcon.colcon_core.shell:Creating environment descriptor '/home/mario/OpenCV_VC/ros_ws/build/lidar_slam_pkg/share/lidar_slam_pkg/hook/pythonpath_develop.dsv'
[2.796s] INFO:colcon.colcon_core.shell:Creating environment hook '/home/mario/OpenCV_VC/ros_ws/build/lidar_slam_pkg/share/lidar_slam_pkg/hook/pythonpath_develop.sh'
[2.806s] Level 1:colcon.colcon_core.environment:checking '/home/mario/OpenCV_VC/ros_ws/install/lidar_slam_pkg' for CMake module files
[2.807s] Level 1:colcon.colcon_core.environment:checking '/home/mario/OpenCV_VC/ros_ws/install/lidar_slam_pkg' for CMake config files
[2.810s] Level 1:colcon.colcon_core.environment:checking '/home/mario/OpenCV_VC/ros_ws/install/lidar_slam_pkg/lib'
[2.810s] Level 1:colcon.colcon_core.environment:checking '/home/mario/OpenCV_VC/ros_ws/install/lidar_slam_pkg/bin'
[2.810s] Level 1:colcon.colcon_core.environment:checking '/home/mario/OpenCV_VC/ros_ws/install/lidar_slam_pkg/lib/pkgconfig/lidar_slam_pkg.pc'
[2.810s] Level 1:colcon.colcon_core.environment:checking '/home/mario/OpenCV_VC/ros_ws/install/lidar_slam_pkg/lib/python3.10/site-packages'
[2.811s] Level 1:colcon.colcon_core.shell:create_environment_hook('lidar_slam_pkg', 'pythonpath')
[2.811s] INFO:colcon.colcon_core.shell:Creating environment hook '/home/mario/OpenCV_VC/ros_ws/install/lidar_slam_pkg/share/lidar_slam_pkg/hook/pythonpath.ps1'
[2.812s] INFO:colcon.colcon_core.shell:Creating environment descriptor '/home/mario/OpenCV_VC/ros_ws/install/lidar_slam_pkg/share/lidar_slam_pkg/hook/pythonpath.dsv'
[2.812s] INFO:colcon.colcon_core.shell:Creating environment hook '/home/mario/OpenCV_VC/ros_ws/install/lidar_slam_pkg/share/lidar_slam_pkg/hook/pythonpath.sh'
[2.813s] Level 1:colcon.colcon_core.environment:checking '/home/mario/OpenCV_VC/ros_ws/install/lidar_slam_pkg/bin'
[2.813s] Level 1:colcon.colcon_core.environment:create_environment_scripts_only(lidar_slam_pkg)
[2.813s] INFO:colcon.colcon_core.shell:Creating package script '/home/mario/OpenCV_VC/ros_ws/install/lidar_slam_pkg/share/lidar_slam_pkg/package.ps1'
[2.814s] INFO:colcon.colcon_core.shell:Creating package descriptor '/home/mario/OpenCV_VC/ros_ws/install/lidar_slam_pkg/share/lidar_slam_pkg/package.dsv'
[2.815s] INFO:colcon.colcon_core.shell:Creating package script '/home/mario/OpenCV_VC/ros_ws/install/lidar_slam_pkg/share/lidar_slam_pkg/package.sh'
[2.816s] INFO:colcon.colcon_core.shell:Creating package script '/home/mario/OpenCV_VC/ros_ws/install/lidar_slam_pkg/share/lidar_slam_pkg/package.bash'
[2.817s] INFO:colcon.colcon_core.shell:Creating package script '/home/mario/OpenCV_VC/ros_ws/install/lidar_slam_pkg/share/lidar_slam_pkg/package.zsh'
[2.819s] Level 1:colcon.colcon_core.environment:create_file_with_runtime_dependencies(/home/mario/OpenCV_VC/ros_ws/install/lidar_slam_pkg/share/colcon-core/packages/lidar_slam_pkg)
[13.695s] DEBUG:colcon.colcon_core.event_handler.log_command:Invoked command in '/home/mario/OpenCV_VC/ros_ws/build/sllidar_ros2' returned '0': CMAKE_PREFIX_PATH=/opt/ros/humble /usr/bin/cmake /home/mario/OpenCV_VC/ros_ws/src/sllidar_ros2 -DAMENT_CMAKE_SYMLINK_INSTALL=1 -DCMAKE_INSTALL_PREFIX=/home/mario/OpenCV_VC/ros_ws/install/sllidar_ros2
[13.697s] DEBUG:colcon.colcon_core.event_handler.log_command:Invoking command in '/home/mario/OpenCV_VC/ros_ws/build/sllidar_ros2': CMAKE_PREFIX_PATH=/opt/ros/humble /usr/bin/cmake --build /home/mario/OpenCV_VC/ros_ws/build/sllidar_ros2 -- -j12 -l12
[26.098s] DEBUG:colcon.colcon_core.event_handler.log_command:Invoked command in '/home/mario/OpenCV_VC/ros_ws/build/sllidar_ros2' returned '0': CMAKE_PREFIX_PATH=/opt/ros/humble /usr/bin/cmake --build /home/mario/OpenCV_VC/ros_ws/build/sllidar_ros2 -- -j12 -l12
[26.110s] DEBUG:colcon.colcon_core.event_handler.log_command:Invoking command in '/home/mario/OpenCV_VC/ros_ws/build/sllidar_ros2': CMAKE_PREFIX_PATH=/opt/ros/humble /usr/bin/cmake --install /home/mario/OpenCV_VC/ros_ws/build/sllidar_ros2
[26.560s] Level 1:colcon.colcon_core.environment:create_environment_scripts_only(sllidar_ros2)
[26.561s] Level 1:colcon.colcon_core.environment:checking '/home/mario/OpenCV_VC/ros_ws/install/sllidar_ros2' for CMake module files
[26.562s] DEBUG:colcon.colcon_core.event_handler.log_command:Invoked command in '/home/mario/OpenCV_VC/ros_ws/build/sllidar_ros2' returned '0': CMAKE_PREFIX_PATH=/opt/ros/humble /usr/bin/cmake --install /home/mario/OpenCV_VC/ros_ws/build/sllidar_ros2
[26.562s] Level 1:colcon.colcon_core.environment:checking '/home/mario/OpenCV_VC/ros_ws/install/sllidar_ros2' for CMake config files
[26.562s] Level 1:colcon.colcon_core.shell:create_environment_hook('sllidar_ros2', 'cmake_prefix_path')
[26.563s] INFO:colcon.colcon_core.shell:Creating environment hook '/home/mario/OpenCV_VC/ros_ws/install/sllidar_ros2/share/sllidar_ros2/hook/cmake_prefix_path.ps1'
[26.564s] INFO:colcon.colcon_core.shell:Creating environment descriptor '/home/mario/OpenCV_VC/ros_ws/install/sllidar_ros2/share/sllidar_ros2/hook/cmake_prefix_path.dsv'
[26.564s] INFO:colcon.colcon_core.shell:Creating environment hook '/home/mario/OpenCV_VC/ros_ws/install/sllidar_ros2/share/sllidar_ros2/hook/cmake_prefix_path.sh'
[26.565s] Level 1:colcon.colcon_core.environment:checking '/home/mario/OpenCV_VC/ros_ws/install/sllidar_ros2/lib'
[26.565s] Level 1:colcon.colcon_core.environment:checking '/home/mario/OpenCV_VC/ros_ws/install/sllidar_ros2/bin'
[26.565s] Level 1:colcon.colcon_core.environment:checking '/home/mario/OpenCV_VC/ros_ws/install/sllidar_ros2/lib/pkgconfig/sllidar_ros2.pc'
[26.566s] Level 1:colcon.colcon_core.environment:checking '/home/mario/OpenCV_VC/ros_ws/install/sllidar_ros2/lib/python3.10/site-packages'
[26.566s] Level 1:colcon.colcon_core.environment:checking '/home/mario/OpenCV_VC/ros_ws/install/sllidar_ros2/bin'
[26.566s] INFO:colcon.colcon_core.shell:Creating package script '/home/mario/OpenCV_VC/ros_ws/install/sllidar_ros2/share/sllidar_ros2/package.ps1'
[26.567s] INFO:colcon.colcon_core.shell:Creating package descriptor '/home/mario/OpenCV_VC/ros_ws/install/sllidar_ros2/share/sllidar_ros2/package.dsv'
[26.567s] INFO:colcon.colcon_core.shell:Creating package script '/home/mario/OpenCV_VC/ros_ws/install/sllidar_ros2/share/sllidar_ros2/package.sh'
[26.567s] INFO:colcon.colcon_core.shell:Creating package script '/home/mario/OpenCV_VC/ros_ws/install/sllidar_ros2/share/sllidar_ros2/package.bash'
[26.568s] INFO:colcon.colcon_core.shell:Creating package script '/home/mario/OpenCV_VC/ros_ws/install/sllidar_ros2/share/sllidar_ros2/package.zsh'
[26.568s] Level 1:colcon.colcon_core.environment:create_file_with_runtime_dependencies(/home/mario/OpenCV_VC/ros_ws/install/sllidar_ros2/share/colcon-core/packages/sllidar_ros2)
[26.570s] Level 1:colcon.colcon_core.environment:create_environment_scripts_only(sllidar_ros2)
[26.570s] Level 1:colcon.colcon_core.environment:checking '/home/mario/OpenCV_VC/ros_ws/install/sllidar_ros2' for CMake module files
[26.570s] Level 1:colcon.colcon_core.environment:checking '/home/mario/OpenCV_VC/ros_ws/install/sllidar_ros2' for CMake config files
[26.571s] Level 1:colcon.colcon_core.shell:create_environment_hook('sllidar_ros2', 'cmake_prefix_path')
[26.571s] INFO:colcon.colcon_core.shell:Creating environment hook '/home/mario/OpenCV_VC/ros_ws/install/sllidar_ros2/share/sllidar_ros2/hook/cmake_prefix_path.ps1'
[26.571s] INFO:colcon.colcon_core.shell:Creating environment descriptor '/home/mario/OpenCV_VC/ros_ws/install/sllidar_ros2/share/sllidar_ros2/hook/cmake_prefix_path.dsv'
[26.571s] INFO:colcon.colcon_core.shell:Creating environment hook '/home/mario/OpenCV_VC/ros_ws/install/sllidar_ros2/share/sllidar_ros2/hook/cmake_prefix_path.sh'
[26.572s] Level 1:colcon.colcon_core.environment:checking '/home/mario/OpenCV_VC/ros_ws/install/sllidar_ros2/lib'
[26.572s] Level 1:colcon.colcon_core.environment:checking '/home/mario/OpenCV_VC/ros_ws/install/sllidar_ros2/bin'
[26.572s] Level 1:colcon.colcon_core.environment:checking '/home/mario/OpenCV_VC/ros_ws/install/sllidar_ros2/lib/pkgconfig/sllidar_ros2.pc'
[26.572s] Level 1:colcon.colcon_core.environment:checking '/home/mario/OpenCV_VC/ros_ws/install/sllidar_ros2/lib/python3.10/site-packages'
[26.573s] Level 1:colcon.colcon_core.environment:checking '/home/mario/OpenCV_VC/ros_ws/install/sllidar_ros2/bin'
[26.573s] INFO:colcon.colcon_core.shell:Creating package script '/home/mario/OpenCV_VC/ros_ws/install/sllidar_ros2/share/sllidar_ros2/package.ps1'
[26.574s] INFO:colcon.colcon_core.shell:Creating package descriptor '/home/mario/OpenCV_VC/ros_ws/install/sllidar_ros2/share/sllidar_ros2/package.dsv'
[26.574s] INFO:colcon.colcon_core.shell:Creating package script '/home/mario/OpenCV_VC/ros_ws/install/sllidar_ros2/share/sllidar_ros2/package.sh'
[26.575s] INFO:colcon.colcon_core.shell:Creating package script '/home/mario/OpenCV_VC/ros_ws/install/sllidar_ros2/share/sllidar_ros2/package.bash'
[26.575s] INFO:colcon.colcon_core.shell:Creating package script '/home/mario/OpenCV_VC/ros_ws/install/sllidar_ros2/share/sllidar_ros2/package.zsh'
[26.576s] Level 1:colcon.colcon_core.environment:create_file_with_runtime_dependencies(/home/mario/OpenCV_VC/ros_ws/install/sllidar_ros2/share/colcon-core/packages/sllidar_ros2)
[26.577s] DEBUG:colcon.colcon_parallel_executor.executor.parallel:closing loop
[26.577s] DEBUG:colcon.colcon_parallel_executor.executor.parallel:loop closed
[26.580s] DEBUG:colcon.colcon_parallel_executor.executor.parallel:run_until_complete finished with '0'
[26.582s] DEBUG:colcon.colcon_core.event_reactor:joining thread
[26.717s] INFO:colcon.colcon_core.plugin_system:Skipping extension 'colcon_notification.desktop_notification.notify_send': Could not find 'notify-send'
[26.717s] INFO:colcon.colcon_core.plugin_system:Skipping extension 'colcon_notification.desktop_notification.terminal_notifier': Not used on non-Darwin systems
[26.717s] INFO:colcon.colcon_core.plugin_system:Skipping extension 'colcon_notification.desktop_notification.win32': Not used on non-Windows systems
[26.717s] INFO:colcon.colcon_notification.desktop_notification:Sending desktop notification using 'notify2'
[26.720s] DEBUG:colcon.colcon_notification.desktop_notification.notify2:Failed to initialize notify2: org.freedesktop.DBus.Error.FileNotFound: Failed to connect to socket /run/user/1000/bus: No such file or directory
[26.720s] DEBUG:colcon.colcon_core.event_reactor:joined thread
[26.721s] INFO:colcon.colcon_core.shell:Creating prefix script '/home/mario/OpenCV_VC/ros_ws/install/local_setup.ps1'
[26.723s] INFO:colcon.colcon_core.shell:Creating prefix util module '/home/mario/OpenCV_VC/ros_ws/install/_local_setup_util_ps1.py'
[26.726s] INFO:colcon.colcon_core.shell:Creating prefix chain script '/home/mario/OpenCV_VC/ros_ws/install/setup.ps1'
[26.728s] INFO:colcon.colcon_core.shell:Creating prefix script '/home/mario/OpenCV_VC/ros_ws/install/local_setup.sh'
[26.730s] INFO:colcon.colcon_core.shell:Creating prefix util module '/home/mario/OpenCV_VC/ros_ws/install/_local_setup_util_sh.py'
[26.730s] INFO:colcon.colcon_core.shell:Creating prefix chain script '/home/mario/OpenCV_VC/ros_ws/install/setup.sh'
[26.732s] INFO:colcon.colcon_core.shell:Creating prefix script '/home/mario/OpenCV_VC/ros_ws/install/local_setup.bash'
[26.733s] INFO:colcon.colcon_core.shell:Creating prefix chain script '/home/mario/OpenCV_VC/ros_ws/install/setup.bash'
[26.734s] INFO:colcon.colcon_core.shell:Creating prefix script '/home/mario/OpenCV_VC/ros_ws/install/local_setup.zsh'
[26.735s] INFO:colcon.colcon_core.shell:Creating prefix chain script '/home/mario/OpenCV_VC/ros_ws/install/setup.zsh'
